[2026-05-13 00:06:36] PAYLOAD RECEIVED:
data_list=%5B%7B%22signalLevel%22%3A4%2C%22voltageLevel%22%3A-1%2C%22voltageValue%22%3A0.0%2C%22deviceImei%22%3A%22865478070011327%22%2C%22gateTime%22%3A%222026-05-13%2000%3A06%3A33%22%2C%22isExtPowerSupply%22%3A1%2C%22externalVoltage%22%3A12.71%7D%5D&token=a12341234123
------------------------------------------------------------
[2026-05-13 00:16:56] PAYLOAD RECEIVED:
data_list=%5B%7B%22signalLevel%22%3A4%2C%22voltageLevel%22%3A-1%2C%22voltageValue%22%3A0.0%2C%22deviceImei%22%3A%22865478070011327%22%2C%22gateTime%22%3A%222026-05-13%2000%3A16%3A55%22%2C%22isExtPowerSupply%22%3A1%2C%22externalVoltage%22%3A12.71%7D%5D&token=a12341234123
------------------------------------------------------------
[2026-05-13 00:27:21] PAYLOAD RECEIVED:
data_list=%5B%7B%22signalLevel%22%3A4%2C%22voltageLevel%22%3A-1%2C%22voltageValue%22%3A0.0%2C%22deviceImei%22%3A%22865478070011327%22%2C%22gateTime%22%3A%222026-05-13%2000%3A27%3A17%22%2C%22isExtPowerSupply%22%3A1%2C%22externalVoltage%22%3A12.71%7D%5D&token=a12341234123
------------------------------------------------------------
[2026-05-13 00:37:41] PAYLOAD RECEIVED:
data_list=%5B%7B%22signalLevel%22%3A4%2C%22voltageLevel%22%3A-1%2C%22voltageValue%22%3A0.0%2C%22deviceImei%22%3A%22865478070011327%22%2C%22gateTime%22%3A%222026-05-13%2000%3A37%3A39%22%2C%22isExtPowerSupply%22%3A1%2C%22externalVoltage%22%3A12.71%7D%5D&token=a12341234123
------------------------------------------------------------
[2026-05-13 00:48:06] PAYLOAD RECEIVED:
data_list=%5B%7B%22signalLevel%22%3A4%2C%22voltageLevel%22%3A-1%2C%22voltageValue%22%3A0.0%2C%22deviceImei%22%3A%22865478070011327%22%2C%22gateTime%22%3A%222026-05-13%2000%3A48%3A01%22%2C%22isExtPowerSupply%22%3A1%2C%22externalVoltage%22%3A12.71%7D%5D&token=a12341234123
------------------------------------------------------------
[2026-05-13 00:58:26] PAYLOAD RECEIVED:
data_list=%5B%7B%22signalLevel%22%3A4%2C%22voltageLevel%22%3A-1%2C%22voltageValue%22%3A0.0%2C%22deviceImei%22%3A%22865478070011327%22%2C%22gateTime%22%3A%222026-05-13%2000%3A58%3A23%22%2C%22isExtPowerSupply%22%3A1%2C%22externalVoltage%22%3A12.71%7D%5D&token=a12341234123
------------------------------------------------------------
[2026-05-13 01:08:46] PAYLOAD RECEIVED:
data_list=%5B%7B%22signalLevel%22%3A4%2C%22voltageLevel%22%3A-1%2C%22voltageValue%22%3A0.0%2C%22deviceImei%22%3A%22865478070011327%22%2C%22gateTime%22%3A%222026-05-13%2001%3A08%3A45%22%2C%22isExtPowerSupply%22%3A1%2C%22externalVoltage%22%3A12.71%7D%5D&token=a12341234123
------------------------------------------------------------
[2026-05-13 01:19:11] PAYLOAD RECEIVED:
data_list=%5B%7B%22signalLevel%22%3A4%2C%22voltageLevel%22%3A-1%2C%22voltageValue%22%3A0.0%2C%22deviceImei%22%3A%22865478070011327%22%2C%22gateTime%22%3A%222026-05-13%2001%3A19%3A07%22%2C%22isExtPowerSupply%22%3A1%2C%22externalVoltage%22%3A12.69%7D%5D&token=a12341234123
------------------------------------------------------------
[2026-05-13 01:29:31] PAYLOAD RECEIVED:
data_list=%5B%7B%22signalLevel%22%3A4%2C%22voltageLevel%22%3A-1%2C%22voltageValue%22%3A0.0%2C%22deviceImei%22%3A%22865478070011327%22%2C%22gateTime%22%3A%222026-05-13%2001%3A29%3A29%22%2C%22isExtPowerSupply%22%3A1%2C%22externalVoltage%22%3A12.69%7D%5D&token=a12341234123
------------------------------------------------------------
[2026-05-13 01:39:56] PAYLOAD RECEIVED:
data_list=%5B%7B%22signalLevel%22%3A4%2C%22voltageLevel%22%3A-1%2C%22voltageValue%22%3A0.0%2C%22deviceImei%22%3A%22865478070011327%22%2C%22gateTime%22%3A%222026-05-13%2001%3A39%3A51%22%2C%22isExtPowerSupply%22%3A1%2C%22externalVoltage%22%3A12.71%7D%5D&token=a12341234123
------------------------------------------------------------
[2026-05-13 01:50:16] PAYLOAD RECEIVED:
data_list=%5B%7B%22signalLevel%22%3A4%2C%22voltageLevel%22%3A-1%2C%22voltageValue%22%3A0.0%2C%22deviceImei%22%3A%22865478070011327%22%2C%22gateTime%22%3A%222026-05-13%2001%3A50%3A14%22%2C%22isExtPowerSupply%22%3A1%2C%22externalVoltage%22%3A12.69%7D%5D&token=a12341234123
------------------------------------------------------------
[2026-05-13 02:00:41] PAYLOAD RECEIVED:
data_list=%5B%7B%22signalLevel%22%3A4%2C%22voltageLevel%22%3A-1%2C%22voltageValue%22%3A0.0%2C%22deviceImei%22%3A%22865478070011327%22%2C%22gateTime%22%3A%222026-05-13%2002%3A00%3A36%22%2C%22isExtPowerSupply%22%3A1%2C%22externalVoltage%22%3A12.71%7D%5D&token=a12341234123
------------------------------------------------------------
[2026-05-13 02:11:01] PAYLOAD RECEIVED:
data_list=%5B%7B%22signalLevel%22%3A4%2C%22voltageLevel%22%3A-1%2C%22voltageValue%22%3A0.0%2C%22deviceImei%22%3A%22865478070011327%22%2C%22gateTime%22%3A%222026-05-13%2002%3A10%3A58%22%2C%22isExtPowerSupply%22%3A1%2C%22externalVoltage%22%3A12.69%7D%5D&token=a12341234123
------------------------------------------------------------
[2026-05-13 02:21:21] PAYLOAD RECEIVED:
data_list=%5B%7B%22signalLevel%22%3A4%2C%22voltageLevel%22%3A-1%2C%22voltageValue%22%3A0.0%2C%22deviceImei%22%3A%22865478070011327%22%2C%22gateTime%22%3A%222026-05-13%2002%3A21%3A20%22%2C%22isExtPowerSupply%22%3A1%2C%22externalVoltage%22%3A12.69%7D%5D&token=a12341234123
------------------------------------------------------------
[2026-05-13 02:31:46] PAYLOAD RECEIVED:
data_list=%5B%7B%22signalLevel%22%3A4%2C%22voltageLevel%22%3A-1%2C%22voltageValue%22%3A0.0%2C%22deviceImei%22%3A%22865478070011327%22%2C%22gateTime%22%3A%222026-05-13%2002%3A31%3A42%22%2C%22isExtPowerSupply%22%3A1%2C%22externalVoltage%22%3A12.69%7D%5D&token=a12341234123
------------------------------------------------------------
[2026-05-13 02:42:06] PAYLOAD RECEIVED:
data_list=%5B%7B%22signalLevel%22%3A4%2C%22voltageLevel%22%3A-1%2C%22voltageValue%22%3A0.0%2C%22deviceImei%22%3A%22865478070011327%22%2C%22gateTime%22%3A%222026-05-13%2002%3A42%3A04%22%2C%22isExtPowerSupply%22%3A1%2C%22externalVoltage%22%3A12.69%7D%5D&token=a12341234123
------------------------------------------------------------
[2026-05-13 02:52:31] PAYLOAD RECEIVED:
data_list=%5B%7B%22signalLevel%22%3A4%2C%22voltageLevel%22%3A-1%2C%22voltageValue%22%3A0.0%2C%22deviceImei%22%3A%22865478070011327%22%2C%22gateTime%22%3A%222026-05-13%2002%3A52%3A26%22%2C%22isExtPowerSupply%22%3A1%2C%22externalVoltage%22%3A12.66%7D%5D&token=a12341234123
------------------------------------------------------------
[2026-05-13 03:02:51] PAYLOAD RECEIVED:
data_list=%5B%7B%22signalLevel%22%3A4%2C%22voltageLevel%22%3A-1%2C%22voltageValue%22%3A0.0%2C%22deviceImei%22%3A%22865478070011327%22%2C%22gateTime%22%3A%222026-05-13%2003%3A02%3A48%22%2C%22isExtPowerSupply%22%3A1%2C%22externalVoltage%22%3A12.69%7D%5D&token=a12341234123
------------------------------------------------------------
[2026-05-13 03:13:11] PAYLOAD RECEIVED:
data_list=%5B%7B%22signalLevel%22%3A4%2C%22voltageLevel%22%3A-1%2C%22voltageValue%22%3A0.0%2C%22deviceImei%22%3A%22865478070011327%22%2C%22gateTime%22%3A%222026-05-13%2003%3A13%3A10%22%2C%22isExtPowerSupply%22%3A1%2C%22externalVoltage%22%3A12.69%7D%5D&token=a12341234123
------------------------------------------------------------
[2026-05-13 03:23:37] PAYLOAD RECEIVED:
data_list=%5B%7B%22signalLevel%22%3A4%2C%22voltageLevel%22%3A-1%2C%22voltageValue%22%3A0.0%2C%22deviceImei%22%3A%22865478070011327%22%2C%22gateTime%22%3A%222026-05-13%2003%3A23%3A32%22%2C%22isExtPowerSupply%22%3A1%2C%22externalVoltage%22%3A12.69%7D%5D&token=a12341234123
------------------------------------------------------------
[2026-05-13 03:33:57] PAYLOAD RECEIVED:
data_list=%5B%7B%22signalLevel%22%3A4%2C%22voltageLevel%22%3A-1%2C%22voltageValue%22%3A0.0%2C%22deviceImei%22%3A%22865478070011327%22%2C%22gateTime%22%3A%222026-05-13%2003%3A33%3A54%22%2C%22isExtPowerSupply%22%3A1%2C%22externalVoltage%22%3A12.69%7D%5D&token=a12341234123
------------------------------------------------------------
[2026-05-13 03:44:22] PAYLOAD RECEIVED:
data_list=%5B%7B%22signalLevel%22%3A4%2C%22voltageLevel%22%3A-1%2C%22voltageValue%22%3A0.0%2C%22deviceImei%22%3A%22865478070011327%22%2C%22gateTime%22%3A%222026-05-13%2003%3A44%3A16%22%2C%22isExtPowerSupply%22%3A1%2C%22externalVoltage%22%3A12.69%7D%5D&token=a12341234123
------------------------------------------------------------
[2026-05-13 03:54:42] PAYLOAD RECEIVED:
data_list=%5B%7B%22signalLevel%22%3A4%2C%22voltageLevel%22%3A-1%2C%22voltageValue%22%3A0.0%2C%22deviceImei%22%3A%22865478070011327%22%2C%22gateTime%22%3A%222026-05-13%2003%3A54%3A38%22%2C%22isExtPowerSupply%22%3A1%2C%22externalVoltage%22%3A12.69%7D%5D&token=a12341234123
------------------------------------------------------------
[2026-05-13 04:05:07] PAYLOAD RECEIVED:
data_list=%5B%7B%22signalLevel%22%3A4%2C%22voltageLevel%22%3A-1%2C%22voltageValue%22%3A0.0%2C%22deviceImei%22%3A%22865478070011327%22%2C%22gateTime%22%3A%222026-05-13%2004%3A05%3A01%22%2C%22isExtPowerSupply%22%3A1%2C%22externalVoltage%22%3A12.66%7D%5D&token=a12341234123
------------------------------------------------------------
[2026-05-13 04:15:27] PAYLOAD RECEIVED:
data_list=%5B%7B%22signalLevel%22%3A4%2C%22voltageLevel%22%3A-1%2C%22voltageValue%22%3A0.0%2C%22deviceImei%22%3A%22865478070011327%22%2C%22gateTime%22%3A%222026-05-13%2004%3A15%3A23%22%2C%22isExtPowerSupply%22%3A1%2C%22externalVoltage%22%3A12.66%7D%5D&token=a12341234123
------------------------------------------------------------
[2026-05-13 04:25:47] PAYLOAD RECEIVED:
data_list=%5B%7B%22signalLevel%22%3A4%2C%22voltageLevel%22%3A-1%2C%22voltageValue%22%3A0.0%2C%22deviceImei%22%3A%22865478070011327%22%2C%22gateTime%22%3A%222026-05-13%2004%3A25%3A45%22%2C%22isExtPowerSupply%22%3A1%2C%22externalVoltage%22%3A12.61%7D%5D&token=a12341234123
------------------------------------------------------------
[2026-05-13 04:36:12] PAYLOAD RECEIVED:
data_list=%5B%7B%22signalLevel%22%3A4%2C%22voltageLevel%22%3A-1%2C%22voltageValue%22%3A0.0%2C%22deviceImei%22%3A%22865478070011327%22%2C%22gateTime%22%3A%222026-05-13%2004%3A36%3A07%22%2C%22isExtPowerSupply%22%3A1%2C%22externalVoltage%22%3A12.66%7D%5D&token=a12341234123
------------------------------------------------------------
[2026-05-13 04:46:32] PAYLOAD RECEIVED:
data_list=%5B%7B%22signalLevel%22%3A4%2C%22voltageLevel%22%3A-1%2C%22voltageValue%22%3A0.0%2C%22deviceImei%22%3A%22865478070011327%22%2C%22gateTime%22%3A%222026-05-13%2004%3A46%3A29%22%2C%22isExtPowerSupply%22%3A1%2C%22externalVoltage%22%3A12.66%7D%5D&token=a12341234123
------------------------------------------------------------
[2026-05-13 04:56:52] PAYLOAD RECEIVED:
data_list=%5B%7B%22signalLevel%22%3A4%2C%22voltageLevel%22%3A-1%2C%22voltageValue%22%3A0.0%2C%22deviceImei%22%3A%22865478070011327%22%2C%22gateTime%22%3A%222026-05-13%2004%3A56%3A50%22%2C%22isExtPowerSupply%22%3A1%2C%22externalVoltage%22%3A12.61%7D%5D&token=a12341234123
------------------------------------------------------------
[2026-05-13 05:07:17] PAYLOAD RECEIVED:
data_list=%5B%7B%22signalLevel%22%3A4%2C%22voltageLevel%22%3A-1%2C%22voltageValue%22%3A0.0%2C%22deviceImei%22%3A%22865478070011327%22%2C%22gateTime%22%3A%222026-05-13%2005%3A07%3A12%22%2C%22isExtPowerSupply%22%3A1%2C%22externalVoltage%22%3A12.61%7D%5D&token=a12341234123
------------------------------------------------------------
[2026-05-13 05:17:37] PAYLOAD RECEIVED:
data_list=%5B%7B%22signalLevel%22%3A4%2C%22voltageLevel%22%3A-1%2C%22voltageValue%22%3A0.0%2C%22deviceImei%22%3A%22865478070011327%22%2C%22gateTime%22%3A%222026-05-13%2005%3A17%3A34%22%2C%22isExtPowerSupply%22%3A1%2C%22externalVoltage%22%3A12.61%7D%5D&token=a12341234123
------------------------------------------------------------
[2026-05-13 05:28:02] PAYLOAD RECEIVED:
data_list=%5B%7B%22signalLevel%22%3A4%2C%22voltageLevel%22%3A-1%2C%22voltageValue%22%3A0.0%2C%22deviceImei%22%3A%22865478070011327%22%2C%22gateTime%22%3A%222026-05-13%2005%3A27%3A57%22%2C%22isExtPowerSupply%22%3A1%2C%22externalVoltage%22%3A12.61%7D%5D&token=a12341234123
------------------------------------------------------------
[2026-05-13 05:38:22] PAYLOAD RECEIVED:
data_list=%5B%7B%22signalLevel%22%3A4%2C%22voltageLevel%22%3A-1%2C%22voltageValue%22%3A0.0%2C%22deviceImei%22%3A%22865478070011327%22%2C%22gateTime%22%3A%222026-05-13%2005%3A38%3A19%22%2C%22isExtPowerSupply%22%3A1%2C%22externalVoltage%22%3A12.64%7D%5D&token=a12341234123
------------------------------------------------------------
[2026-05-13 05:48:47] PAYLOAD RECEIVED:
data_list=%5B%7B%22signalLevel%22%3A4%2C%22voltageLevel%22%3A-1%2C%22voltageValue%22%3A0.0%2C%22deviceImei%22%3A%22865478070011327%22%2C%22gateTime%22%3A%222026-05-13%2005%3A48%3A41%22%2C%22isExtPowerSupply%22%3A1%2C%22externalVoltage%22%3A12.61%7D%5D&token=a12341234123
------------------------------------------------------------
[2026-05-13 05:59:07] PAYLOAD RECEIVED:
data_list=%5B%7B%22signalLevel%22%3A4%2C%22voltageLevel%22%3A-1%2C%22voltageValue%22%3A0.0%2C%22deviceImei%22%3A%22865478070011327%22%2C%22gateTime%22%3A%222026-05-13%2005%3A59%3A03%22%2C%22isExtPowerSupply%22%3A1%2C%22externalVoltage%22%3A12.61%7D%5D&token=a12341234123
------------------------------------------------------------
[2026-05-13 06:09:27] PAYLOAD RECEIVED:
data_list=%5B%7B%22signalLevel%22%3A4%2C%22voltageLevel%22%3A-1%2C%22voltageValue%22%3A0.0%2C%22deviceImei%22%3A%22865478070011327%22%2C%22gateTime%22%3A%222026-05-13%2006%3A09%3A25%22%2C%22isExtPowerSupply%22%3A1%2C%22externalVoltage%22%3A12.5%7D%5D&token=a12341234123
------------------------------------------------------------
[2026-05-13 06:19:52] PAYLOAD RECEIVED:
data_list=%5B%7B%22signalLevel%22%3A4%2C%22voltageLevel%22%3A-1%2C%22voltageValue%22%3A0.0%2C%22deviceImei%22%3A%22865478070011327%22%2C%22gateTime%22%3A%222026-05-13%2006%3A19%3A47%22%2C%22isExtPowerSupply%22%3A1%2C%22externalVoltage%22%3A12.61%7D%5D&token=a12341234123
------------------------------------------------------------
[2026-05-13 06:30:12] PAYLOAD RECEIVED:
data_list=%5B%7B%22signalLevel%22%3A4%2C%22voltageLevel%22%3A-1%2C%22voltageValue%22%3A0.0%2C%22deviceImei%22%3A%22865478070011327%22%2C%22gateTime%22%3A%222026-05-13%2006%3A30%3A09%22%2C%22isExtPowerSupply%22%3A1%2C%22externalVoltage%22%3A12.61%7D%5D&token=a12341234123
------------------------------------------------------------
[2026-05-13 06:40:37] PAYLOAD RECEIVED:
data_list=%5B%7B%22signalLevel%22%3A4%2C%22voltageLevel%22%3A-1%2C%22voltageValue%22%3A0.0%2C%22deviceImei%22%3A%22865478070011327%22%2C%22gateTime%22%3A%222026-05-13%2006%3A40%3A31%22%2C%22isExtPowerSupply%22%3A1%2C%22externalVoltage%22%3A12.61%7D%5D&token=a12341234123
------------------------------------------------------------
[2026-05-13 06:50:57] PAYLOAD RECEIVED:
data_list=%5B%7B%22signalLevel%22%3A4%2C%22voltageLevel%22%3A-1%2C%22voltageValue%22%3A0.0%2C%22deviceImei%22%3A%22865478070011327%22%2C%22gateTime%22%3A%222026-05-13%2006%3A50%3A54%22%2C%22isExtPowerSupply%22%3A1%2C%22externalVoltage%22%3A12.64%7D%5D&token=a12341234123
------------------------------------------------------------
[2026-05-13 07:01:22] PAYLOAD RECEIVED:
data_list=%5B%7B%22signalLevel%22%3A4%2C%22voltageLevel%22%3A-1%2C%22voltageValue%22%3A0.0%2C%22deviceImei%22%3A%22865478070011327%22%2C%22gateTime%22%3A%222026-05-13%2007%3A01%3A16%22%2C%22isExtPowerSupply%22%3A1%2C%22externalVoltage%22%3A12.61%7D%5D&token=a12341234123
------------------------------------------------------------
[2026-05-13 07:11:42] PAYLOAD RECEIVED:
data_list=%5B%7B%22signalLevel%22%3A4%2C%22voltageLevel%22%3A-1%2C%22voltageValue%22%3A0.0%2C%22deviceImei%22%3A%22865478070011327%22%2C%22gateTime%22%3A%222026-05-13%2007%3A11%3A38%22%2C%22isExtPowerSupply%22%3A1%2C%22externalVoltage%22%3A12.64%7D%5D&token=a12341234123
------------------------------------------------------------
[2026-05-13 07:22:02] PAYLOAD RECEIVED:
data_list=%5B%7B%22signalLevel%22%3A4%2C%22voltageLevel%22%3A-1%2C%22voltageValue%22%3A0.0%2C%22deviceImei%22%3A%22865478070011327%22%2C%22gateTime%22%3A%222026-05-13%2007%3A22%3A00%22%2C%22isExtPowerSupply%22%3A1%2C%22externalVoltage%22%3A12.61%7D%5D&token=a12341234123
------------------------------------------------------------
[2026-05-13 07:32:27] PAYLOAD RECEIVED:
data_list=%5B%7B%22signalLevel%22%3A4%2C%22voltageLevel%22%3A-1%2C%22voltageValue%22%3A0.0%2C%22deviceImei%22%3A%22865478070011327%22%2C%22gateTime%22%3A%222026-05-13%2007%3A32%3A22%22%2C%22isExtPowerSupply%22%3A1%2C%22externalVoltage%22%3A12.61%7D%5D&token=a12341234123
------------------------------------------------------------
[2026-05-13 07:42:47] PAYLOAD RECEIVED:
data_list=%5B%7B%22signalLevel%22%3A4%2C%22voltageLevel%22%3A-1%2C%22voltageValue%22%3A0.0%2C%22deviceImei%22%3A%22865478070011327%22%2C%22gateTime%22%3A%222026-05-13%2007%3A42%3A44%22%2C%22isExtPowerSupply%22%3A1%2C%22externalVoltage%22%3A12.61%7D%5D&token=a12341234123
------------------------------------------------------------
[2026-05-13 07:53:12] PAYLOAD RECEIVED:
data_list=%5B%7B%22signalLevel%22%3A4%2C%22voltageLevel%22%3A-1%2C%22voltageValue%22%3A0.0%2C%22deviceImei%22%3A%22865478070011327%22%2C%22gateTime%22%3A%222026-05-13%2007%3A53%3A06%22%2C%22isExtPowerSupply%22%3A1%2C%22externalVoltage%22%3A12.61%7D%5D&token=a12341234123
------------------------------------------------------------
[2026-05-13 08:03:32] PAYLOAD RECEIVED:
data_list=%5B%7B%22signalLevel%22%3A4%2C%22voltageLevel%22%3A-1%2C%22voltageValue%22%3A0.0%2C%22deviceImei%22%3A%22865478070011327%22%2C%22gateTime%22%3A%222026-05-13%2008%3A03%3A28%22%2C%22isExtPowerSupply%22%3A1%2C%22externalVoltage%22%3A12.61%7D%5D&token=a12341234123
------------------------------------------------------------
[2026-05-13 08:13:52] PAYLOAD RECEIVED:
data_list=%5B%7B%22signalLevel%22%3A4%2C%22voltageLevel%22%3A-1%2C%22voltageValue%22%3A0.0%2C%22deviceImei%22%3A%22865478070011327%22%2C%22gateTime%22%3A%222026-05-13%2008%3A13%3A51%22%2C%22isExtPowerSupply%22%3A1%2C%22externalVoltage%22%3A12.64%7D%5D&token=a12341234123
------------------------------------------------------------
[2026-05-13 08:24:17] PAYLOAD RECEIVED:
data_list=%5B%7B%22signalLevel%22%3A4%2C%22voltageLevel%22%3A-1%2C%22voltageValue%22%3A0.0%2C%22deviceImei%22%3A%22865478070011327%22%2C%22gateTime%22%3A%222026-05-13%2008%3A24%3A13%22%2C%22isExtPowerSupply%22%3A1%2C%22externalVoltage%22%3A12.64%7D%5D&token=a12341234123
------------------------------------------------------------
[2026-05-13 08:34:37] PAYLOAD RECEIVED:
data_list=%5B%7B%22signalLevel%22%3A4%2C%22voltageLevel%22%3A-1%2C%22voltageValue%22%3A0.0%2C%22deviceImei%22%3A%22865478070011327%22%2C%22gateTime%22%3A%222026-05-13%2008%3A34%3A35%22%2C%22isExtPowerSupply%22%3A1%2C%22externalVoltage%22%3A12.61%7D%5D&token=a12341234123
------------------------------------------------------------
[2026-05-13 08:45:02] PAYLOAD RECEIVED:
data_list=%5B%7B%22signalLevel%22%3A4%2C%22voltageLevel%22%3A-1%2C%22voltageValue%22%3A0.0%2C%22deviceImei%22%3A%22865478070011327%22%2C%22gateTime%22%3A%222026-05-13%2008%3A44%3A57%22%2C%22isExtPowerSupply%22%3A1%2C%22externalVoltage%22%3A12.64%7D%5D&token=a12341234123
------------------------------------------------------------
[2026-05-13 08:55:22] PAYLOAD RECEIVED:
data_list=%5B%7B%22signalLevel%22%3A4%2C%22voltageLevel%22%3A-1%2C%22voltageValue%22%3A0.0%2C%22deviceImei%22%3A%22865478070011327%22%2C%22gateTime%22%3A%222026-05-13%2008%3A55%3A19%22%2C%22isExtPowerSupply%22%3A1%2C%22externalVoltage%22%3A12.61%7D%5D&token=a12341234123
------------------------------------------------------------
[2026-05-13 09:05:42] PAYLOAD RECEIVED:
data_list=%5B%7B%22signalLevel%22%3A4%2C%22voltageLevel%22%3A-1%2C%22voltageValue%22%3A0.0%2C%22deviceImei%22%3A%22865478070011327%22%2C%22gateTime%22%3A%222026-05-13%2009%3A05%3A41%22%2C%22isExtPowerSupply%22%3A1%2C%22externalVoltage%22%3A12.59%7D%5D&token=a12341234123
------------------------------------------------------------
[2026-05-13 11:55:32] PAYLOAD RECEIVED:
data_list=%5B%7B%22signalLevel%22%3A4%2C%22voltageLevel%22%3A-1%2C%22voltageValue%22%3A0.0%2C%22deviceImei%22%3A%22865478070011327%22%2C%22gateTime%22%3A%222026-05-13%2011%3A55%3A30%22%2C%22isExtPowerSupply%22%3A1%2C%22externalVoltage%22%3A12.57%7D%5D&token=a12341234123
------------------------------------------------------------
[2026-05-13 12:06:12] PAYLOAD RECEIVED:
data_list=%5B%7B%22signalLevel%22%3A4%2C%22voltageLevel%22%3A-1%2C%22voltageValue%22%3A0.0%2C%22deviceImei%22%3A%22865478070011327%22%2C%22gateTime%22%3A%222026-05-13%2012%3A06%3A10%22%2C%22isExtPowerSupply%22%3A1%2C%22externalVoltage%22%3A12.66%7D%2C%7B%22signalLevel%22%3A4%2C%22voltageLevel%22%3A-1%2C%22voltageValue%22%3A0.0%2C%22deviceImei%22%3A%22865478070011327%22%2C%22gateTime%22%3A%222026-05-13%2012%3A06%3A11%22%2C%22isExtPowerSupply%22%3A1%2C%22externalVoltage%22%3A12.66%7D%5D&token=a12341234123
------------------------------------------------------------
[2026-05-13 12:06:17] PAYLOAD RECEIVED:
data_list=%5B%7B%22signalLevel%22%3A4%2C%22voltageLevel%22%3A-1%2C%22voltageValue%22%3A0.0%2C%22deviceImei%22%3A%22865478070011327%22%2C%22gateTime%22%3A%222026-05-13%2012%3A06%3A13%22%2C%22isExtPowerSupply%22%3A1%2C%22externalVoltage%22%3A12.66%7D%5D&token=a12341234123
------------------------------------------------------------
[2026-05-13 12:08:02] PAYLOAD RECEIVED:
data_list=%5B%7B%22signalLevel%22%3A4%2C%22voltageLevel%22%3A-1%2C%22voltageValue%22%3A0.0%2C%22deviceImei%22%3A%22865478070011327%22%2C%22gateTime%22%3A%222026-05-13%2012%3A07%3A56%22%2C%22isExtPowerSupply%22%3A1%2C%22externalVoltage%22%3A12.36%7D%5D&token=a12341234123
------------------------------------------------------------
[2026-05-13 12:18:22] PAYLOAD RECEIVED:
data_list=%5B%7B%22signalLevel%22%3A4%2C%22voltageLevel%22%3A-1%2C%22voltageValue%22%3A0.0%2C%22deviceImei%22%3A%22865478070011327%22%2C%22gateTime%22%3A%222026-05-13%2012%3A18%3A18%22%2C%22isExtPowerSupply%22%3A1%2C%22externalVoltage%22%3A12.64%7D%5D&token=a12341234123
------------------------------------------------------------
[2026-05-13 12:29:02] PAYLOAD RECEIVED:
data_list=%5B%7B%22signalLevel%22%3A4%2C%22voltageLevel%22%3A-1%2C%22voltageValue%22%3A0.0%2C%22deviceImei%22%3A%22865478070011327%22%2C%22gateTime%22%3A%222026-05-13%2012%3A28%3A58%22%2C%22isExtPowerSupply%22%3A1%2C%22externalVoltage%22%3A12.61%7D%2C%7B%22signalLevel%22%3A4%2C%22voltageLevel%22%3A-1%2C%22voltageValue%22%3A0.0%2C%22deviceImei%22%3A%22865478070011327%22%2C%22gateTime%22%3A%222026-05-13%2012%3A28%3A58%22%2C%22isExtPowerSupply%22%3A1%2C%22externalVoltage%22%3A12.61%7D%5D&token=a12341234123
------------------------------------------------------------
[2026-05-13 12:39:42] PAYLOAD RECEIVED:
data_list=%5B%7B%22signalLevel%22%3A4%2C%22voltageLevel%22%3A-1%2C%22voltageValue%22%3A0.0%2C%22deviceImei%22%3A%22865478070011327%22%2C%22gateTime%22%3A%222026-05-13%2012%3A39%3A38%22%2C%22isExtPowerSupply%22%3A1%2C%22externalVoltage%22%3A12.66%7D%2C%7B%22signalLevel%22%3A4%2C%22voltageLevel%22%3A-1%2C%22voltageValue%22%3A0.0%2C%22deviceImei%22%3A%22865478070011327%22%2C%22gateTime%22%3A%222026-05-13%2012%3A39%3A38%22%2C%22isExtPowerSupply%22%3A1%2C%22externalVoltage%22%3A12.66%7D%5D&token=a12341234123
------------------------------------------------------------
[2026-05-13 12:50:22] PAYLOAD RECEIVED:
data_list=%5B%7B%22signalLevel%22%3A4%2C%22voltageLevel%22%3A-1%2C%22voltageValue%22%3A0.0%2C%22deviceImei%22%3A%22865478070011327%22%2C%22gateTime%22%3A%222026-05-13%2012%3A50%3A18%22%2C%22isExtPowerSupply%22%3A1%2C%22externalVoltage%22%3A12.64%7D%2C%7B%22signalLevel%22%3A4%2C%22voltageLevel%22%3A-1%2C%22voltageValue%22%3A0.0%2C%22deviceImei%22%3A%22865478070011327%22%2C%22gateTime%22%3A%222026-05-13%2012%3A50%3A18%22%2C%22isExtPowerSupply%22%3A1%2C%22externalVoltage%22%3A12.64%7D%5D&token=a12341234123
------------------------------------------------------------
[2026-05-13 13:01:02] PAYLOAD RECEIVED:
data_list=%5B%7B%22signalLevel%22%3A4%2C%22voltageLevel%22%3A-1%2C%22voltageValue%22%3A0.0%2C%22deviceImei%22%3A%22865478070011327%22%2C%22gateTime%22%3A%222026-05-13%2013%3A00%3A58%22%2C%22isExtPowerSupply%22%3A1%2C%22externalVoltage%22%3A12.64%7D%2C%7B%22signalLevel%22%3A4%2C%22voltageLevel%22%3A-1%2C%22voltageValue%22%3A0.0%2C%22deviceImei%22%3A%22865478070011327%22%2C%22gateTime%22%3A%222026-05-13%2013%3A00%3A58%22%2C%22isExtPowerSupply%22%3A1%2C%22externalVoltage%22%3A12.64%7D%5D&token=a12341234123
------------------------------------------------------------
[2026-05-13 13:11:22] PAYLOAD RECEIVED:
data_list=%5B%7B%22signalLevel%22%3A4%2C%22voltageLevel%22%3A-1%2C%22voltageValue%22%3A0.0%2C%22deviceImei%22%3A%22865478070011327%22%2C%22gateTime%22%3A%222026-05-13%2013%3A11%3A20%22%2C%22isExtPowerSupply%22%3A1%2C%22externalVoltage%22%3A12.64%7D%5D&token=a12341234123
------------------------------------------------------------
[2026-05-13 13:22:02] PAYLOAD RECEIVED:
data_list=%5B%7B%22signalLevel%22%3A4%2C%22voltageLevel%22%3A-1%2C%22voltageValue%22%3A0.0%2C%22deviceImei%22%3A%22865478070011327%22%2C%22gateTime%22%3A%222026-05-13%2013%3A22%3A00%22%2C%22isExtPowerSupply%22%3A1%2C%22externalVoltage%22%3A12.64%7D%2C%7B%22signalLevel%22%3A4%2C%22voltageLevel%22%3A-1%2C%22voltageValue%22%3A0.0%2C%22deviceImei%22%3A%22865478070011327%22%2C%22gateTime%22%3A%222026-05-13%2013%3A22%3A00%22%2C%22isExtPowerSupply%22%3A1%2C%22externalVoltage%22%3A12.64%7D%5D&token=a12341234123
------------------------------------------------------------
[2026-05-13 13:32:42] PAYLOAD RECEIVED:
data_list=%5B%7B%22signalLevel%22%3A4%2C%22voltageLevel%22%3A-1%2C%22voltageValue%22%3A0.0%2C%22deviceImei%22%3A%22865478070011327%22%2C%22gateTime%22%3A%222026-05-13%2013%3A32%3A40%22%2C%22isExtPowerSupply%22%3A1%2C%22externalVoltage%22%3A12.66%7D%2C%7B%22signalLevel%22%3A4%2C%22voltageLevel%22%3A-1%2C%22voltageValue%22%3A0.0%2C%22deviceImei%22%3A%22865478070011327%22%2C%22gateTime%22%3A%222026-05-13%2013%3A32%3A40%22%2C%22isExtPowerSupply%22%3A1%2C%22externalVoltage%22%3A12.66%7D%5D&token=a12341234123
------------------------------------------------------------
[2026-05-13 13:43:22] PAYLOAD RECEIVED:
data_list=%5B%7B%22signalLevel%22%3A4%2C%22voltageLevel%22%3A-1%2C%22voltageValue%22%3A0.0%2C%22deviceImei%22%3A%22865478070011327%22%2C%22gateTime%22%3A%222026-05-13%2013%3A43%3A20%22%2C%22isExtPowerSupply%22%3A1%2C%22externalVoltage%22%3A12.61%7D%2C%7B%22signalLevel%22%3A4%2C%22voltageLevel%22%3A-1%2C%22voltageValue%22%3A0.0%2C%22deviceImei%22%3A%22865478070011327%22%2C%22gateTime%22%3A%222026-05-13%2013%3A43%3A20%22%2C%22isExtPowerSupply%22%3A1%2C%22externalVoltage%22%3A12.61%7D%5D&token=a12341234123
------------------------------------------------------------
[2026-05-13 13:54:02] PAYLOAD RECEIVED:
data_list=%5B%7B%22signalLevel%22%3A4%2C%22voltageLevel%22%3A-1%2C%22voltageValue%22%3A0.0%2C%22deviceImei%22%3A%22865478070011327%22%2C%22gateTime%22%3A%222026-05-13%2013%3A54%3A00%22%2C%22isExtPowerSupply%22%3A1%2C%22externalVoltage%22%3A12.64%7D%2C%7B%22signalLevel%22%3A4%2C%22voltageLevel%22%3A-1%2C%22voltageValue%22%3A0.0%2C%22deviceImei%22%3A%22865478070011327%22%2C%22gateTime%22%3A%222026-05-13%2013%3A54%3A00%22%2C%22isExtPowerSupply%22%3A1%2C%22externalVoltage%22%3A12.64%7D%5D&token=a12341234123
------------------------------------------------------------
[2026-05-13 14:04:27] PAYLOAD RECEIVED:
data_list=%5B%7B%22signalLevel%22%3A4%2C%22voltageLevel%22%3A-1%2C%22voltageValue%22%3A0.0%2C%22deviceImei%22%3A%22865478070011327%22%2C%22gateTime%22%3A%222026-05-13%2014%3A04%3A22%22%2C%22isExtPowerSupply%22%3A1%2C%22externalVoltage%22%3A12.61%7D%5D&token=a12341234123
------------------------------------------------------------
[2026-05-13 16:09:37] PAYLOAD RECEIVED:
data_list=%5B%7B%22signalLevel%22%3A4%2C%22voltageLevel%22%3A-1%2C%22voltageValue%22%3A0.0%2C%22deviceImei%22%3A%22865478070011327%22%2C%22gateTime%22%3A%222026-05-13%2016%3A09%3A34%22%2C%22isExtPowerSupply%22%3A1%2C%22externalVoltage%22%3A12.69%7D%5D&token=a12341234123
------------------------------------------------------------
[2026-05-13 16:20:17] PAYLOAD RECEIVED:
data_list=%5B%7B%22signalLevel%22%3A4%2C%22voltageLevel%22%3A-1%2C%22voltageValue%22%3A0.0%2C%22deviceImei%22%3A%22865478070011327%22%2C%22gateTime%22%3A%222026-05-13%2016%3A20%3A13%22%2C%22isExtPowerSupply%22%3A1%2C%22externalVoltage%22%3A12.76%7D%2C%7B%22signalLevel%22%3A4%2C%22voltageLevel%22%3A-1%2C%22voltageValue%22%3A0.0%2C%22deviceImei%22%3A%22865478070011327%22%2C%22gateTime%22%3A%222026-05-13%2016%3A20%3A13%22%2C%22isExtPowerSupply%22%3A1%2C%22externalVoltage%22%3A12.76%7D%5D&token=a12341234123
------------------------------------------------------------
[2026-05-13 19:09:07] PAYLOAD RECEIVED:
data_list=%5B%7B%22signalLevel%22%3A4%2C%22voltageLevel%22%3A-1%2C%22voltageValue%22%3A0.0%2C%22deviceImei%22%3A%22865478070011327%22%2C%22gateTime%22%3A%222026-05-13%2019%3A09%3A02%22%2C%22isExtPowerSupply%22%3A1%2C%22externalVoltage%22%3A12.69%7D%5D&token=a12341234123
------------------------------------------------------------
[2026-05-13 19:19:47] PAYLOAD RECEIVED:
data_list=%5B%7B%22signalLevel%22%3A4%2C%22voltageLevel%22%3A-1%2C%22voltageValue%22%3A0.0%2C%22deviceImei%22%3A%22865478070011327%22%2C%22gateTime%22%3A%222026-05-13%2019%3A19%3A42%22%2C%22isExtPowerSupply%22%3A1%2C%22externalVoltage%22%3A12.73%7D%2C%7B%22signalLevel%22%3A4%2C%22voltageLevel%22%3A-1%2C%22voltageValue%22%3A0.0%2C%22deviceImei%22%3A%22865478070011327%22%2C%22gateTime%22%3A%222026-05-13%2019%3A19%3A42%22%2C%22isExtPowerSupply%22%3A1%2C%22externalVoltage%22%3A12.73%7D%5D&token=a12341234123
------------------------------------------------------------
[2026-05-13 19:30:07] PAYLOAD RECEIVED:
data_list=%5B%7B%22signalLevel%22%3A4%2C%22voltageLevel%22%3A-1%2C%22voltageValue%22%3A0.0%2C%22deviceImei%22%3A%22865478070011327%22%2C%22gateTime%22%3A%222026-05-13%2019%3A30%3A04%22%2C%22isExtPowerSupply%22%3A1%2C%22externalVoltage%22%3A12.76%7D%5D&token=a12341234123
------------------------------------------------------------
[2026-05-13 19:40:47] PAYLOAD RECEIVED:
data_list=%5B%7B%22signalLevel%22%3A4%2C%22voltageLevel%22%3A-1%2C%22voltageValue%22%3A0.0%2C%22deviceImei%22%3A%22865478070011327%22%2C%22gateTime%22%3A%222026-05-13%2019%3A40%3A44%22%2C%22isExtPowerSupply%22%3A1%2C%22externalVoltage%22%3A12.76%7D%2C%7B%22signalLevel%22%3A4%2C%22voltageLevel%22%3A-1%2C%22voltageValue%22%3A0.0%2C%22deviceImei%22%3A%22865478070011327%22%2C%22gateTime%22%3A%222026-05-13%2019%3A40%3A44%22%2C%22isExtPowerSupply%22%3A1%2C%22externalVoltage%22%3A12.76%7D%5D&token=a12341234123
------------------------------------------------------------
[2026-05-13 19:51:08] PAYLOAD RECEIVED:
data_list=%5B%7B%22signalLevel%22%3A4%2C%22voltageLevel%22%3A-1%2C%22voltageValue%22%3A0.0%2C%22deviceImei%22%3A%22865478070011327%22%2C%22gateTime%22%3A%222026-05-13%2019%3A51%3A06%22%2C%22isExtPowerSupply%22%3A1%2C%22externalVoltage%22%3A12.78%7D%5D&token=a12341234123
------------------------------------------------------------
[2026-05-13 20:01:33] PAYLOAD RECEIVED:
data_list=%5B%7B%22signalLevel%22%3A4%2C%22voltageLevel%22%3A-1%2C%22voltageValue%22%3A0.0%2C%22deviceImei%22%3A%22865478070011327%22%2C%22gateTime%22%3A%222026-05-13%2020%3A01%3A28%22%2C%22isExtPowerSupply%22%3A1%2C%22externalVoltage%22%3A12.78%7D%5D&token=a12341234123
------------------------------------------------------------
[2026-05-13 20:12:13] PAYLOAD RECEIVED:
data_list=%5B%7B%22signalLevel%22%3A4%2C%22voltageLevel%22%3A-1%2C%22voltageValue%22%3A0.0%2C%22deviceImei%22%3A%22865478070011327%22%2C%22gateTime%22%3A%222026-05-13%2020%3A12%3A08%22%2C%22isExtPowerSupply%22%3A1%2C%22externalVoltage%22%3A12.76%7D%2C%7B%22signalLevel%22%3A4%2C%22voltageLevel%22%3A-1%2C%22voltageValue%22%3A0.0%2C%22deviceImei%22%3A%22865478070011327%22%2C%22gateTime%22%3A%222026-05-13%2020%3A12%3A08%22%2C%22isExtPowerSupply%22%3A1%2C%22externalVoltage%22%3A12.76%7D%2C%7B%22signalLevel%22%3A4%2C%22voltageLevel%22%3A-1%2C%22voltageValue%22%3A0.0%2C%22deviceImei%22%3A%22865478070011327%22%2C%22gateTime%22%3A%222026-05-13%2020%3A12%3A10%22%2C%22isExtPowerSupply%22%3A1%2C%22externalVoltage%22%3A12.76%7D%5D&token=a12341234123
------------------------------------------------------------
[2026-05-13 20:14:18] PAYLOAD RECEIVED:
data_list=%5B%7B%22signalLevel%22%3A4%2C%22voltageLevel%22%3A-1%2C%22voltageValue%22%3A0.0%2C%22deviceImei%22%3A%22865478070011327%22%2C%22gateTime%22%3A%222026-05-13%2020%3A14%3A12%22%2C%22isExtPowerSupply%22%3A1%2C%22externalVoltage%22%3A12.73%7D%2C%7B%22signalLevel%22%3A4%2C%22voltageLevel%22%3A-1%2C%22voltageValue%22%3A0.0%2C%22deviceImei%22%3A%22865478070011327%22%2C%22gateTime%22%3A%222026-05-13%2020%3A14%3A12%22%2C%22isExtPowerSupply%22%3A1%2C%22externalVoltage%22%3A12.73%7D%5D&token=a12341234123
------------------------------------------------------------
[2026-05-13 20:24:53] PAYLOAD RECEIVED:
data_list=%5B%7B%22signalLevel%22%3A4%2C%22voltageLevel%22%3A-1%2C%22voltageValue%22%3A0.0%2C%22deviceImei%22%3A%22865478070011327%22%2C%22gateTime%22%3A%222026-05-13%2020%3A24%3A51%22%2C%22isExtPowerSupply%22%3A1%2C%22externalVoltage%22%3A12.76%7D%2C%7B%22signalLevel%22%3A4%2C%22voltageLevel%22%3A-1%2C%22voltageValue%22%3A0.0%2C%22deviceImei%22%3A%22865478070011327%22%2C%22gateTime%22%3A%222026-05-13%2020%3A24%3A51%22%2C%22isExtPowerSupply%22%3A1%2C%22externalVoltage%22%3A12.76%7D%5D&token=a12341234123
------------------------------------------------------------
[2026-05-13 20:35:33] PAYLOAD RECEIVED:
data_list=%5B%7B%22signalLevel%22%3A4%2C%22voltageLevel%22%3A-1%2C%22voltageValue%22%3A0.0%2C%22deviceImei%22%3A%22865478070011327%22%2C%22gateTime%22%3A%222026-05-13%2020%3A35%3A31%22%2C%22isExtPowerSupply%22%3A1%2C%22externalVoltage%22%3A12.76%7D%2C%7B%22signalLevel%22%3A4%2C%22voltageLevel%22%3A-1%2C%22voltageValue%22%3A0.0%2C%22deviceImei%22%3A%22865478070011327%22%2C%22gateTime%22%3A%222026-05-13%2020%3A35%3A31%22%2C%22isExtPowerSupply%22%3A1%2C%22externalVoltage%22%3A12.76%7D%5D&token=a12341234123
------------------------------------------------------------
[2026-05-13 20:45:58] PAYLOAD RECEIVED:
data_list=%5B%7B%22signalLevel%22%3A4%2C%22voltageLevel%22%3A-1%2C%22voltageValue%22%3A0.0%2C%22deviceImei%22%3A%22865478070011327%22%2C%22gateTime%22%3A%222026-05-13%2020%3A45%3A53%22%2C%22isExtPowerSupply%22%3A1%2C%22externalVoltage%22%3A12.73%7D%5D&token=a12341234123
------------------------------------------------------------
[2026-05-13 20:56:18] PAYLOAD RECEIVED:
data_list=%5B%7B%22signalLevel%22%3A4%2C%22voltageLevel%22%3A-1%2C%22voltageValue%22%3A0.0%2C%22deviceImei%22%3A%22865478070011327%22%2C%22gateTime%22%3A%222026-05-13%2020%3A56%3A15%22%2C%22isExtPowerSupply%22%3A1%2C%22externalVoltage%22%3A12.76%7D%5D&token=a12341234123
------------------------------------------------------------
[2026-05-13 21:06:58] PAYLOAD RECEIVED:
data_list=%5B%7B%22signalLevel%22%3A4%2C%22voltageLevel%22%3A-1%2C%22voltageValue%22%3A0.0%2C%22deviceImei%22%3A%22865478070011327%22%2C%22gateTime%22%3A%222026-05-13%2021%3A06%3A55%22%2C%22isExtPowerSupply%22%3A1%2C%22externalVoltage%22%3A12.71%7D%2C%7B%22signalLevel%22%3A4%2C%22voltageLevel%22%3A-1%2C%22voltageValue%22%3A0.0%2C%22deviceImei%22%3A%22865478070011327%22%2C%22gateTime%22%3A%222026-05-13%2021%3A06%3A55%22%2C%22isExtPowerSupply%22%3A1%2C%22externalVoltage%22%3A12.71%7D%5D&token=a12341234123
------------------------------------------------------------
[2026-05-13 21:17:38] PAYLOAD RECEIVED:
data_list=%5B%7B%22signalLevel%22%3A4%2C%22voltageLevel%22%3A-1%2C%22voltageValue%22%3A0.0%2C%22deviceImei%22%3A%22865478070011327%22%2C%22gateTime%22%3A%222026-05-13%2021%3A17%3A35%22%2C%22isExtPowerSupply%22%3A1%2C%22externalVoltage%22%3A12.73%7D%2C%7B%22signalLevel%22%3A4%2C%22voltageLevel%22%3A-1%2C%22voltageValue%22%3A0.0%2C%22deviceImei%22%3A%22865478070011327%22%2C%22gateTime%22%3A%222026-05-13%2021%3A17%3A35%22%2C%22isExtPowerSupply%22%3A1%2C%22externalVoltage%22%3A12.73%7D%5D&token=a12341234123
------------------------------------------------------------
[2026-05-13 21:28:03] PAYLOAD RECEIVED:
data_list=%5B%7B%22signalLevel%22%3A4%2C%22voltageLevel%22%3A-1%2C%22voltageValue%22%3A0.0%2C%22deviceImei%22%3A%22865478070011327%22%2C%22gateTime%22%3A%222026-05-13%2021%3A27%3A57%22%2C%22isExtPowerSupply%22%3A1%2C%22externalVoltage%22%3A12.73%7D%5D&token=a12341234123
------------------------------------------------------------
[2026-05-13 21:38:43] PAYLOAD RECEIVED:
data_list=%5B%7B%22signalLevel%22%3A4%2C%22voltageLevel%22%3A-1%2C%22voltageValue%22%3A0.0%2C%22deviceImei%22%3A%22865478070011327%22%2C%22gateTime%22%3A%222026-05-13%2021%3A38%3A37%22%2C%22isExtPowerSupply%22%3A1%2C%22externalVoltage%22%3A12.76%7D%2C%7B%22signalLevel%22%3A4%2C%22voltageLevel%22%3A-1%2C%22voltageValue%22%3A0.0%2C%22deviceImei%22%3A%22865478070011327%22%2C%22gateTime%22%3A%222026-05-13%2021%3A38%3A37%22%2C%22isExtPowerSupply%22%3A1%2C%22externalVoltage%22%3A12.76%7D%5D&token=a12341234123
------------------------------------------------------------
[2026-05-13 21:49:23] PAYLOAD RECEIVED:
data_list=%5B%7B%22signalLevel%22%3A4%2C%22voltageLevel%22%3A-1%2C%22voltageValue%22%3A0.0%2C%22deviceImei%22%3A%22865478070011327%22%2C%22gateTime%22%3A%222026-05-13%2021%3A49%3A17%22%2C%22isExtPowerSupply%22%3A1%2C%22externalVoltage%22%3A12.71%7D%2C%7B%22signalLevel%22%3A4%2C%22voltageLevel%22%3A-1%2C%22voltageValue%22%3A0.0%2C%22deviceImei%22%3A%22865478070011327%22%2C%22gateTime%22%3A%222026-05-13%2021%3A49%3A17%22%2C%22isExtPowerSupply%22%3A1%2C%22externalVoltage%22%3A12.71%7D%5D&token=a12341234123
------------------------------------------------------------
[2026-05-13 22:00:03] PAYLOAD RECEIVED:
data_list=%5B%7B%22signalLevel%22%3A4%2C%22voltageLevel%22%3A-1%2C%22voltageValue%22%3A0.0%2C%22deviceImei%22%3A%22865478070011327%22%2C%22gateTime%22%3A%222026-05-13%2021%3A59%3A57%22%2C%22isExtPowerSupply%22%3A1%2C%22externalVoltage%22%3A12.73%7D%2C%7B%22signalLevel%22%3A4%2C%22voltageLevel%22%3A-1%2C%22voltageValue%22%3A0.0%2C%22deviceImei%22%3A%22865478070011327%22%2C%22gateTime%22%3A%222026-05-13%2021%3A59%3A57%22%2C%22isExtPowerSupply%22%3A1%2C%22externalVoltage%22%3A12.73%7D%5D&token=a12341234123
------------------------------------------------------------
[2026-05-13 22:10:23] PAYLOAD RECEIVED:
data_list=%5B%7B%22signalLevel%22%3A4%2C%22voltageLevel%22%3A-1%2C%22voltageValue%22%3A0.0%2C%22deviceImei%22%3A%22865478070011327%22%2C%22gateTime%22%3A%222026-05-13%2022%3A10%3A19%22%2C%22isExtPowerSupply%22%3A1%2C%22externalVoltage%22%3A12.73%7D%5D&token=a12341234123
------------------------------------------------------------
[2026-05-13 22:20:43] PAYLOAD RECEIVED:
data_list=%5B%7B%22signalLevel%22%3A4%2C%22voltageLevel%22%3A-1%2C%22voltageValue%22%3A0.0%2C%22deviceImei%22%3A%22865478070011327%22%2C%22gateTime%22%3A%222026-05-13%2022%3A20%3A41%22%2C%22isExtPowerSupply%22%3A1%2C%22externalVoltage%22%3A12.73%7D%5D&token=a12341234123
------------------------------------------------------------
[2026-05-13 22:31:08] PAYLOAD RECEIVED:
data_list=%5B%7B%22signalLevel%22%3A4%2C%22voltageLevel%22%3A-1%2C%22voltageValue%22%3A0.0%2C%22deviceImei%22%3A%22865478070011327%22%2C%22gateTime%22%3A%222026-05-13%2022%3A31%3A03%22%2C%22isExtPowerSupply%22%3A1%2C%22externalVoltage%22%3A12.71%7D%5D&token=a12341234123
------------------------------------------------------------
[2026-05-13 22:41:28] PAYLOAD RECEIVED:
data_list=%5B%7B%22signalLevel%22%3A4%2C%22voltageLevel%22%3A-1%2C%22voltageValue%22%3A0.0%2C%22deviceImei%22%3A%22865478070011327%22%2C%22gateTime%22%3A%222026-05-13%2022%3A41%3A25%22%2C%22isExtPowerSupply%22%3A1%2C%22externalVoltage%22%3A12.73%7D%5D&token=a12341234123
------------------------------------------------------------
[2026-05-13 22:52:08] PAYLOAD RECEIVED:
data_list=%5B%7B%22signalLevel%22%3A4%2C%22voltageLevel%22%3A-1%2C%22voltageValue%22%3A0.0%2C%22deviceImei%22%3A%22865478070011327%22%2C%22gateTime%22%3A%222026-05-13%2022%3A52%3A06%22%2C%22isExtPowerSupply%22%3A1%2C%22externalVoltage%22%3A12.71%7D%2C%7B%22signalLevel%22%3A4%2C%22voltageLevel%22%3A-1%2C%22voltageValue%22%3A0.0%2C%22deviceImei%22%3A%22865478070011327%22%2C%22gateTime%22%3A%222026-05-13%2022%3A52%3A06%22%2C%22isExtPowerSupply%22%3A1%2C%22externalVoltage%22%3A12.71%7D%5D&token=a12341234123
------------------------------------------------------------
[2026-05-13 23:02:48] PAYLOAD RECEIVED:
data_list=%5B%7B%22signalLevel%22%3A4%2C%22voltageLevel%22%3A-1%2C%22voltageValue%22%3A0.0%2C%22deviceImei%22%3A%22865478070011327%22%2C%22gateTime%22%3A%222026-05-13%2023%3A02%3A46%22%2C%22isExtPowerSupply%22%3A1%2C%22externalVoltage%22%3A12.73%7D%2C%7B%22signalLevel%22%3A4%2C%22voltageLevel%22%3A-1%2C%22voltageValue%22%3A0.0%2C%22deviceImei%22%3A%22865478070011327%22%2C%22gateTime%22%3A%222026-05-13%2023%3A02%3A46%22%2C%22isExtPowerSupply%22%3A1%2C%22externalVoltage%22%3A12.73%7D%5D&token=a12341234123
------------------------------------------------------------
[2026-05-13 23:13:13] PAYLOAD RECEIVED:
data_list=%5B%7B%22signalLevel%22%3A4%2C%22voltageLevel%22%3A-1%2C%22voltageValue%22%3A0.0%2C%22deviceImei%22%3A%22865478070011327%22%2C%22gateTime%22%3A%222026-05-13%2023%3A13%3A08%22%2C%22isExtPowerSupply%22%3A1%2C%22externalVoltage%22%3A12.69%7D%5D&token=a12341234123
------------------------------------------------------------
[2026-05-13 23:23:33] PAYLOAD RECEIVED:
data_list=%5B%7B%22signalLevel%22%3A4%2C%22voltageLevel%22%3A-1%2C%22voltageValue%22%3A0.0%2C%22deviceImei%22%3A%22865478070011327%22%2C%22gateTime%22%3A%222026-05-13%2023%3A23%3A30%22%2C%22isExtPowerSupply%22%3A1%2C%22externalVoltage%22%3A12.69%7D%5D&token=a12341234123
------------------------------------------------------------
[2026-05-13 23:33:58] PAYLOAD RECEIVED:
data_list=%5B%7B%22signalLevel%22%3A4%2C%22voltageLevel%22%3A-1%2C%22voltageValue%22%3A0.0%2C%22deviceImei%22%3A%22865478070011327%22%2C%22gateTime%22%3A%222026-05-13%2023%3A33%3A52%22%2C%22isExtPowerSupply%22%3A1%2C%22externalVoltage%22%3A12.69%7D%5D&token=a12341234123
------------------------------------------------------------
[2026-05-13 23:44:18] PAYLOAD RECEIVED:
data_list=%5B%7B%22signalLevel%22%3A4%2C%22voltageLevel%22%3A-1%2C%22voltageValue%22%3A0.0%2C%22deviceImei%22%3A%22865478070011327%22%2C%22gateTime%22%3A%222026-05-13%2023%3A44%3A14%22%2C%22isExtPowerSupply%22%3A1%2C%22externalVoltage%22%3A12.69%7D%5D&token=a12341234123
------------------------------------------------------------
[2026-05-13 23:54:38] PAYLOAD RECEIVED:
data_list=%5B%7B%22signalLevel%22%3A4%2C%22voltageLevel%22%3A-1%2C%22voltageValue%22%3A0.0%2C%22deviceImei%22%3A%22865478070011327%22%2C%22gateTime%22%3A%222026-05-13%2023%3A54%3A36%22%2C%22isExtPowerSupply%22%3A1%2C%22externalVoltage%22%3A12.69%7D%5D&token=a12341234123
------------------------------------------------------------
