[2026-05-15 00:03:59] PAYLOAD RECEIVED:
data_list=%5B%7B%22signalLevel%22%3A4%2C%22voltageLevel%22%3A-1%2C%22voltageValue%22%3A0.0%2C%22deviceImei%22%3A%22865478070011327%22%2C%22gateTime%22%3A%222026-05-15%2000%3A03%3A55%22%2C%22isExtPowerSupply%22%3A1%2C%22externalVoltage%22%3A12.78%7D%5D&token=a12341234123
------------------------------------------------------------
[2026-05-15 00:14:19] PAYLOAD RECEIVED:
data_list=%5B%7B%22signalLevel%22%3A4%2C%22voltageLevel%22%3A-1%2C%22voltageValue%22%3A0.0%2C%22deviceImei%22%3A%22865478070011327%22%2C%22gateTime%22%3A%222026-05-15%2000%3A14%3A17%22%2C%22isExtPowerSupply%22%3A1%2C%22externalVoltage%22%3A12.76%7D%5D&token=a12341234123
------------------------------------------------------------
[2026-05-15 00:24:59] PAYLOAD RECEIVED:
data_list=%5B%7B%22signalLevel%22%3A4%2C%22voltageLevel%22%3A-1%2C%22voltageValue%22%3A0.0%2C%22deviceImei%22%3A%22865478070011327%22%2C%22gateTime%22%3A%222026-05-15%2000%3A24%3A57%22%2C%22isExtPowerSupply%22%3A1%2C%22externalVoltage%22%3A12.78%7D%2C%7B%22signalLevel%22%3A4%2C%22voltageLevel%22%3A-1%2C%22voltageValue%22%3A0.0%2C%22deviceImei%22%3A%22865478070011327%22%2C%22gateTime%22%3A%222026-05-15%2000%3A24%3A57%22%2C%22isExtPowerSupply%22%3A1%2C%22externalVoltage%22%3A12.78%7D%5D&token=a12341234123
------------------------------------------------------------
[2026-05-15 00:35:24] PAYLOAD RECEIVED:
data_list=%5B%7B%22signalLevel%22%3A4%2C%22voltageLevel%22%3A-1%2C%22voltageValue%22%3A0.0%2C%22deviceImei%22%3A%22865478070011327%22%2C%22gateTime%22%3A%222026-05-15%2000%3A35%3A19%22%2C%22isExtPowerSupply%22%3A1%2C%22externalVoltage%22%3A12.78%7D%5D&token=a12341234123
------------------------------------------------------------
[2026-05-15 00:46:04] PAYLOAD RECEIVED:
data_list=%5B%7B%22signalLevel%22%3A4%2C%22voltageLevel%22%3A-1%2C%22voltageValue%22%3A0.0%2C%22deviceImei%22%3A%22865478070011327%22%2C%22gateTime%22%3A%222026-05-15%2000%3A45%3A59%22%2C%22isExtPowerSupply%22%3A1%2C%22externalVoltage%22%3A12.78%7D%2C%7B%22signalLevel%22%3A4%2C%22voltageLevel%22%3A-1%2C%22voltageValue%22%3A0.0%2C%22deviceImei%22%3A%22865478070011327%22%2C%22gateTime%22%3A%222026-05-15%2000%3A46%3A00%22%2C%22isExtPowerSupply%22%3A1%2C%22externalVoltage%22%3A12.78%7D%5D&token=a12341234123
------------------------------------------------------------
[2026-05-15 00:57:04] PAYLOAD RECEIVED:
data_list=%5B%7B%22signalLevel%22%3A4%2C%22voltageLevel%22%3A-1%2C%22voltageValue%22%3A0.0%2C%22deviceImei%22%3A%22865478070011327%22%2C%22gateTime%22%3A%222026-05-15%2000%3A57%3A00%22%2C%22isExtPowerSupply%22%3A1%2C%22externalVoltage%22%3A12.76%7D%5D&token=a12341234123
------------------------------------------------------------
[2026-05-15 01:07:44] PAYLOAD RECEIVED:
data_list=%5B%7B%22signalLevel%22%3A4%2C%22voltageLevel%22%3A-1%2C%22voltageValue%22%3A0.0%2C%22deviceImei%22%3A%22865478070011327%22%2C%22gateTime%22%3A%222026-05-15%2001%3A07%3A40%22%2C%22isExtPowerSupply%22%3A1%2C%22externalVoltage%22%3A12.78%7D%2C%7B%22signalLevel%22%3A4%2C%22voltageLevel%22%3A-1%2C%22voltageValue%22%3A0.0%2C%22deviceImei%22%3A%22865478070011327%22%2C%22gateTime%22%3A%222026-05-15%2001%3A07%3A40%22%2C%22isExtPowerSupply%22%3A1%2C%22externalVoltage%22%3A12.78%7D%5D&token=a12341234123
------------------------------------------------------------
[2026-05-15 01:18:24] PAYLOAD RECEIVED:
data_list=%5B%7B%22signalLevel%22%3A4%2C%22voltageLevel%22%3A-1%2C%22voltageValue%22%3A0.0%2C%22deviceImei%22%3A%22865478070011327%22%2C%22gateTime%22%3A%222026-05-15%2001%3A18%3A20%22%2C%22isExtPowerSupply%22%3A1%2C%22externalVoltage%22%3A12.73%7D%2C%7B%22signalLevel%22%3A4%2C%22voltageLevel%22%3A-1%2C%22voltageValue%22%3A0.0%2C%22deviceImei%22%3A%22865478070011327%22%2C%22gateTime%22%3A%222026-05-15%2001%3A18%3A20%22%2C%22isExtPowerSupply%22%3A1%2C%22externalVoltage%22%3A12.73%7D%5D&token=a12341234123
------------------------------------------------------------
[2026-05-15 01:28:44] PAYLOAD RECEIVED:
data_list=%5B%7B%22signalLevel%22%3A4%2C%22voltageLevel%22%3A-1%2C%22voltageValue%22%3A0.0%2C%22deviceImei%22%3A%22865478070011327%22%2C%22gateTime%22%3A%222026-05-15%2001%3A28%3A42%22%2C%22isExtPowerSupply%22%3A1%2C%22externalVoltage%22%3A12.73%7D%5D&token=a12341234123
------------------------------------------------------------
[2026-05-15 01:39:24] PAYLOAD RECEIVED:
data_list=%5B%7B%22signalLevel%22%3A4%2C%22voltageLevel%22%3A-1%2C%22voltageValue%22%3A0.0%2C%22deviceImei%22%3A%22865478070011327%22%2C%22gateTime%22%3A%222026-05-15%2001%3A39%3A22%22%2C%22isExtPowerSupply%22%3A1%2C%22externalVoltage%22%3A12.76%7D%2C%7B%22signalLevel%22%3A4%2C%22voltageLevel%22%3A-1%2C%22voltageValue%22%3A0.0%2C%22deviceImei%22%3A%22865478070011327%22%2C%22gateTime%22%3A%222026-05-15%2001%3A39%3A22%22%2C%22isExtPowerSupply%22%3A1%2C%22externalVoltage%22%3A12.76%7D%5D&token=a12341234123
------------------------------------------------------------
[2026-05-15 01:50:49] PAYLOAD RECEIVED:
data_list=%5B%7B%22signalLevel%22%3A4%2C%22voltageLevel%22%3A-1%2C%22voltageValue%22%3A0.0%2C%22deviceImei%22%3A%22865478070011327%22%2C%22gateTime%22%3A%222026-05-15%2001%3A50%3A46%22%2C%22isExtPowerSupply%22%3A1%2C%22externalVoltage%22%3A12.76%7D%5D&token=a12341234123
------------------------------------------------------------
[2026-05-15 02:01:09] PAYLOAD RECEIVED:
data_list=%5B%7B%22signalLevel%22%3A4%2C%22voltageLevel%22%3A-1%2C%22voltageValue%22%3A0.0%2C%22deviceImei%22%3A%22865478070011327%22%2C%22gateTime%22%3A%222026-05-15%2002%3A01%3A08%22%2C%22isExtPowerSupply%22%3A1%2C%22externalVoltage%22%3A12.73%7D%5D&token=a12341234123
------------------------------------------------------------
[2026-05-15 02:11:34] PAYLOAD RECEIVED:
data_list=%5B%7B%22signalLevel%22%3A3%2C%22voltageLevel%22%3A-1%2C%22voltageValue%22%3A0.0%2C%22deviceImei%22%3A%22865478070011327%22%2C%22gateTime%22%3A%222026-05-15%2002%3A11%3A30%22%2C%22isExtPowerSupply%22%3A1%2C%22externalVoltage%22%3A12.71%7D%5D&token=a12341234123
------------------------------------------------------------
[2026-05-15 02:51:14] PAYLOAD RECEIVED:
data_list=%5B%7B%22signalLevel%22%3A4%2C%22voltageLevel%22%3A-1%2C%22voltageValue%22%3A0.0%2C%22deviceImei%22%3A%22865478070011327%22%2C%22gateTime%22%3A%222026-05-15%2002%3A51%3A10%22%2C%22isExtPowerSupply%22%3A1%2C%22externalVoltage%22%3A12.61%7D%5D&token=a12341234123
------------------------------------------------------------
[2026-05-15 03:01:34] PAYLOAD RECEIVED:
data_list=%5B%7B%22signalLevel%22%3A3%2C%22voltageLevel%22%3A-1%2C%22voltageValue%22%3A0.0%2C%22deviceImei%22%3A%22865478070011327%22%2C%22gateTime%22%3A%222026-05-15%2003%3A01%3A31%22%2C%22isExtPowerSupply%22%3A1%2C%22externalVoltage%22%3A12.69%7D%5D&token=a12341234123
------------------------------------------------------------
[2026-05-15 03:11:54] PAYLOAD RECEIVED:
data_list=%5B%7B%22signalLevel%22%3A4%2C%22voltageLevel%22%3A-1%2C%22voltageValue%22%3A0.0%2C%22deviceImei%22%3A%22865478070011327%22%2C%22gateTime%22%3A%222026-05-15%2003%3A11%3A53%22%2C%22isExtPowerSupply%22%3A1%2C%22externalVoltage%22%3A12.69%7D%5D&token=a12341234123
------------------------------------------------------------
[2026-05-15 03:22:19] PAYLOAD RECEIVED:
data_list=%5B%7B%22signalLevel%22%3A4%2C%22voltageLevel%22%3A-1%2C%22voltageValue%22%3A0.0%2C%22deviceImei%22%3A%22865478070011327%22%2C%22gateTime%22%3A%222026-05-15%2003%3A22%3A15%22%2C%22isExtPowerSupply%22%3A1%2C%22externalVoltage%22%3A12.69%7D%5D&token=a12341234123
------------------------------------------------------------
[2026-05-15 03:32:39] PAYLOAD RECEIVED:
data_list=%5B%7B%22signalLevel%22%3A3%2C%22voltageLevel%22%3A-1%2C%22voltageValue%22%3A0.0%2C%22deviceImei%22%3A%22865478070011327%22%2C%22gateTime%22%3A%222026-05-15%2003%3A32%3A37%22%2C%22isExtPowerSupply%22%3A1%2C%22externalVoltage%22%3A12.66%7D%5D&token=a12341234123
------------------------------------------------------------
[2026-05-15 03:43:04] PAYLOAD RECEIVED:
data_list=%5B%7B%22signalLevel%22%3A4%2C%22voltageLevel%22%3A-1%2C%22voltageValue%22%3A0.0%2C%22deviceImei%22%3A%22865478070011327%22%2C%22gateTime%22%3A%222026-05-15%2003%3A42%3A59%22%2C%22isExtPowerSupply%22%3A1%2C%22externalVoltage%22%3A12.69%7D%5D&token=a12341234123
------------------------------------------------------------
[2026-05-15 03:53:24] PAYLOAD RECEIVED:
data_list=%5B%7B%22signalLevel%22%3A4%2C%22voltageLevel%22%3A-1%2C%22voltageValue%22%3A0.0%2C%22deviceImei%22%3A%22865478070011327%22%2C%22gateTime%22%3A%222026-05-15%2003%3A53%3A21%22%2C%22isExtPowerSupply%22%3A1%2C%22externalVoltage%22%3A12.69%7D%5D&token=a12341234123
------------------------------------------------------------
[2026-05-15 04:03:44] PAYLOAD RECEIVED:
data_list=%5B%7B%22signalLevel%22%3A3%2C%22voltageLevel%22%3A-1%2C%22voltageValue%22%3A0.0%2C%22deviceImei%22%3A%22865478070011327%22%2C%22gateTime%22%3A%222026-05-15%2004%3A03%3A43%22%2C%22isExtPowerSupply%22%3A1%2C%22externalVoltage%22%3A12.64%7D%5D&token=a12341234123
------------------------------------------------------------
[2026-05-15 04:14:09] PAYLOAD RECEIVED:
data_list=%5B%7B%22signalLevel%22%3A4%2C%22voltageLevel%22%3A-1%2C%22voltageValue%22%3A0.0%2C%22deviceImei%22%3A%22865478070011327%22%2C%22gateTime%22%3A%222026-05-15%2004%3A14%3A05%22%2C%22isExtPowerSupply%22%3A1%2C%22externalVoltage%22%3A12.69%7D%5D&token=a12341234123
------------------------------------------------------------
[2026-05-15 04:24:29] PAYLOAD RECEIVED:
data_list=%5B%7B%22signalLevel%22%3A4%2C%22voltageLevel%22%3A-1%2C%22voltageValue%22%3A0.0%2C%22deviceImei%22%3A%22865478070011327%22%2C%22gateTime%22%3A%222026-05-15%2004%3A24%3A27%22%2C%22isExtPowerSupply%22%3A1%2C%22externalVoltage%22%3A12.66%7D%5D&token=a12341234123
------------------------------------------------------------
[2026-05-15 04:34:54] PAYLOAD RECEIVED:
data_list=%5B%7B%22signalLevel%22%3A4%2C%22voltageLevel%22%3A-1%2C%22voltageValue%22%3A0.0%2C%22deviceImei%22%3A%22865478070011327%22%2C%22gateTime%22%3A%222026-05-15%2004%3A34%3A49%22%2C%22isExtPowerSupply%22%3A1%2C%22externalVoltage%22%3A12.66%7D%5D&token=a12341234123
------------------------------------------------------------
[2026-05-15 04:45:14] PAYLOAD RECEIVED:
data_list=%5B%7B%22signalLevel%22%3A4%2C%22voltageLevel%22%3A-1%2C%22voltageValue%22%3A0.0%2C%22deviceImei%22%3A%22865478070011327%22%2C%22gateTime%22%3A%222026-05-15%2004%3A45%3A11%22%2C%22isExtPowerSupply%22%3A1%2C%22externalVoltage%22%3A12.66%7D%5D&token=a12341234123
------------------------------------------------------------
[2026-05-15 04:55:34] PAYLOAD RECEIVED:
data_list=%5B%7B%22signalLevel%22%3A3%2C%22voltageLevel%22%3A-1%2C%22voltageValue%22%3A0.0%2C%22deviceImei%22%3A%22865478070011327%22%2C%22gateTime%22%3A%222026-05-15%2004%3A55%3A33%22%2C%22isExtPowerSupply%22%3A1%2C%22externalVoltage%22%3A12.64%7D%5D&token=a12341234123
------------------------------------------------------------
[2026-05-15 05:06:00] PAYLOAD RECEIVED:
data_list=%5B%7B%22signalLevel%22%3A4%2C%22voltageLevel%22%3A-1%2C%22voltageValue%22%3A0.0%2C%22deviceImei%22%3A%22865478070011327%22%2C%22gateTime%22%3A%222026-05-15%2005%3A05%3A56%22%2C%22isExtPowerSupply%22%3A1%2C%22externalVoltage%22%3A12.64%7D%5D&token=a12341234123
------------------------------------------------------------
[2026-05-15 05:16:20] PAYLOAD RECEIVED:
data_list=%5B%7B%22signalLevel%22%3A4%2C%22voltageLevel%22%3A-1%2C%22voltageValue%22%3A0.0%2C%22deviceImei%22%3A%22865478070011327%22%2C%22gateTime%22%3A%222026-05-15%2005%3A16%3A18%22%2C%22isExtPowerSupply%22%3A1%2C%22externalVoltage%22%3A12.64%7D%5D&token=a12341234123
------------------------------------------------------------
[2026-05-15 05:26:45] PAYLOAD RECEIVED:
data_list=%5B%7B%22signalLevel%22%3A4%2C%22voltageLevel%22%3A-1%2C%22voltageValue%22%3A0.0%2C%22deviceImei%22%3A%22865478070011327%22%2C%22gateTime%22%3A%222026-05-15%2005%3A26%3A40%22%2C%22isExtPowerSupply%22%3A1%2C%22externalVoltage%22%3A12.66%7D%5D&token=a12341234123
------------------------------------------------------------
[2026-05-15 05:37:05] PAYLOAD RECEIVED:
data_list=%5B%7B%22signalLevel%22%3A4%2C%22voltageLevel%22%3A-1%2C%22voltageValue%22%3A0.0%2C%22deviceImei%22%3A%22865478070011327%22%2C%22gateTime%22%3A%222026-05-15%2005%3A37%3A02%22%2C%22isExtPowerSupply%22%3A1%2C%22externalVoltage%22%3A12.64%7D%5D&token=a12341234123
------------------------------------------------------------
[2026-05-15 05:47:30] PAYLOAD RECEIVED:
data_list=%5B%7B%22signalLevel%22%3A3%2C%22voltageLevel%22%3A-1%2C%22voltageValue%22%3A0.0%2C%22deviceImei%22%3A%22865478070011327%22%2C%22gateTime%22%3A%222026-05-15%2005%3A47%3A24%22%2C%22isExtPowerSupply%22%3A1%2C%22externalVoltage%22%3A12.64%7D%5D&token=a12341234123
------------------------------------------------------------
[2026-05-15 05:57:50] PAYLOAD RECEIVED:
data_list=%5B%7B%22signalLevel%22%3A4%2C%22voltageLevel%22%3A-1%2C%22voltageValue%22%3A0.0%2C%22deviceImei%22%3A%22865478070011327%22%2C%22gateTime%22%3A%222026-05-15%2005%3A57%3A46%22%2C%22isExtPowerSupply%22%3A1%2C%22externalVoltage%22%3A12.64%7D%5D&token=a12341234123
------------------------------------------------------------
[2026-05-15 06:08:10] PAYLOAD RECEIVED:
data_list=%5B%7B%22signalLevel%22%3A4%2C%22voltageLevel%22%3A-1%2C%22voltageValue%22%3A0.0%2C%22deviceImei%22%3A%22865478070011327%22%2C%22gateTime%22%3A%222026-05-15%2006%3A08%3A08%22%2C%22isExtPowerSupply%22%3A1%2C%22externalVoltage%22%3A12.64%7D%5D&token=a12341234123
------------------------------------------------------------
[2026-05-15 06:18:35] PAYLOAD RECEIVED:
data_list=%5B%7B%22signalLevel%22%3A3%2C%22voltageLevel%22%3A-1%2C%22voltageValue%22%3A0.0%2C%22deviceImei%22%3A%22865478070011327%22%2C%22gateTime%22%3A%222026-05-15%2006%3A18%3A30%22%2C%22isExtPowerSupply%22%3A1%2C%22externalVoltage%22%3A12.64%7D%5D&token=a12341234123
------------------------------------------------------------
[2026-05-15 06:28:55] PAYLOAD RECEIVED:
data_list=%5B%7B%22signalLevel%22%3A3%2C%22voltageLevel%22%3A-1%2C%22voltageValue%22%3A0.0%2C%22deviceImei%22%3A%22865478070011327%22%2C%22gateTime%22%3A%222026-05-15%2006%3A28%3A52%22%2C%22isExtPowerSupply%22%3A1%2C%22externalVoltage%22%3A12.64%7D%5D&token=a12341234123
------------------------------------------------------------
[2026-05-15 06:39:20] PAYLOAD RECEIVED:
data_list=%5B%7B%22signalLevel%22%3A4%2C%22voltageLevel%22%3A-1%2C%22voltageValue%22%3A0.0%2C%22deviceImei%22%3A%22865478070011327%22%2C%22gateTime%22%3A%222026-05-15%2006%3A39%3A14%22%2C%22isExtPowerSupply%22%3A1%2C%22externalVoltage%22%3A12.64%7D%5D&token=a12341234123
------------------------------------------------------------
[2026-05-15 06:49:40] PAYLOAD RECEIVED:
data_list=%5B%7B%22signalLevel%22%3A3%2C%22voltageLevel%22%3A-1%2C%22voltageValue%22%3A0.0%2C%22deviceImei%22%3A%22865478070011327%22%2C%22gateTime%22%3A%222026-05-15%2006%3A49%3A36%22%2C%22isExtPowerSupply%22%3A1%2C%22externalVoltage%22%3A12.61%7D%5D&token=a12341234123
------------------------------------------------------------
[2026-05-15 07:00:00] PAYLOAD RECEIVED:
data_list=%5B%7B%22signalLevel%22%3A4%2C%22voltageLevel%22%3A-1%2C%22voltageValue%22%3A0.0%2C%22deviceImei%22%3A%22865478070011327%22%2C%22gateTime%22%3A%222026-05-15%2006%3A59%3A58%22%2C%22isExtPowerSupply%22%3A1%2C%22externalVoltage%22%3A12.61%7D%5D&token=a12341234123
------------------------------------------------------------
[2026-05-15 07:10:25] PAYLOAD RECEIVED:
data_list=%5B%7B%22signalLevel%22%3A3%2C%22voltageLevel%22%3A-1%2C%22voltageValue%22%3A0.0%2C%22deviceImei%22%3A%22865478070011327%22%2C%22gateTime%22%3A%222026-05-15%2007%3A10%3A21%22%2C%22isExtPowerSupply%22%3A1%2C%22externalVoltage%22%3A12.61%7D%5D&token=a12341234123
------------------------------------------------------------
[2026-05-15 07:20:45] PAYLOAD RECEIVED:
data_list=%5B%7B%22signalLevel%22%3A4%2C%22voltageLevel%22%3A-1%2C%22voltageValue%22%3A0.0%2C%22deviceImei%22%3A%22865478070011327%22%2C%22gateTime%22%3A%222026-05-15%2007%3A20%3A43%22%2C%22isExtPowerSupply%22%3A1%2C%22externalVoltage%22%3A12.61%7D%5D&token=a12341234123
------------------------------------------------------------
[2026-05-15 07:31:10] PAYLOAD RECEIVED:
data_list=%5B%7B%22signalLevel%22%3A4%2C%22voltageLevel%22%3A-1%2C%22voltageValue%22%3A0.0%2C%22deviceImei%22%3A%22865478070011327%22%2C%22gateTime%22%3A%222026-05-15%2007%3A31%3A05%22%2C%22isExtPowerSupply%22%3A1%2C%22externalVoltage%22%3A12.64%7D%5D&token=a12341234123
------------------------------------------------------------
[2026-05-15 07:41:30] PAYLOAD RECEIVED:
data_list=%5B%7B%22signalLevel%22%3A4%2C%22voltageLevel%22%3A-1%2C%22voltageValue%22%3A0.0%2C%22deviceImei%22%3A%22865478070011327%22%2C%22gateTime%22%3A%222026-05-15%2007%3A41%3A27%22%2C%22isExtPowerSupply%22%3A1%2C%22externalVoltage%22%3A12.64%7D%5D&token=a12341234123
------------------------------------------------------------
[2026-05-15 07:51:50] PAYLOAD RECEIVED:
data_list=%5B%7B%22signalLevel%22%3A3%2C%22voltageLevel%22%3A-1%2C%22voltageValue%22%3A0.0%2C%22deviceImei%22%3A%22865478070011327%22%2C%22gateTime%22%3A%222026-05-15%2007%3A51%3A48%22%2C%22isExtPowerSupply%22%3A1%2C%22externalVoltage%22%3A12.64%7D%5D&token=a12341234123
------------------------------------------------------------
[2026-05-15 08:02:15] PAYLOAD RECEIVED:
data_list=%5B%7B%22signalLevel%22%3A4%2C%22voltageLevel%22%3A-1%2C%22voltageValue%22%3A0.0%2C%22deviceImei%22%3A%22865478070011327%22%2C%22gateTime%22%3A%222026-05-15%2008%3A02%3A10%22%2C%22isExtPowerSupply%22%3A1%2C%22externalVoltage%22%3A12.64%7D%5D&token=a12341234123
------------------------------------------------------------
[2026-05-15 08:12:35] PAYLOAD RECEIVED:
data_list=%5B%7B%22signalLevel%22%3A3%2C%22voltageLevel%22%3A-1%2C%22voltageValue%22%3A0.0%2C%22deviceImei%22%3A%22865478070011327%22%2C%22gateTime%22%3A%222026-05-15%2008%3A12%3A32%22%2C%22isExtPowerSupply%22%3A1%2C%22externalVoltage%22%3A12.61%7D%5D&token=a12341234123
------------------------------------------------------------
[2026-05-15 08:23:00] PAYLOAD RECEIVED:
data_list=%5B%7B%22signalLevel%22%3A4%2C%22voltageLevel%22%3A-1%2C%22voltageValue%22%3A0.0%2C%22deviceImei%22%3A%22865478070011327%22%2C%22gateTime%22%3A%222026-05-15%2008%3A22%3A54%22%2C%22isExtPowerSupply%22%3A1%2C%22externalVoltage%22%3A12.61%7D%5D&token=a12341234123
------------------------------------------------------------
[2026-05-15 08:33:20] PAYLOAD RECEIVED:
data_list=%5B%7B%22signalLevel%22%3A3%2C%22voltageLevel%22%3A-1%2C%22voltageValue%22%3A0.0%2C%22deviceImei%22%3A%22865478070011327%22%2C%22gateTime%22%3A%222026-05-15%2008%3A33%3A17%22%2C%22isExtPowerSupply%22%3A1%2C%22externalVoltage%22%3A12.61%7D%5D&token=a12341234123
------------------------------------------------------------
[2026-05-15 08:43:40] PAYLOAD RECEIVED:
data_list=%5B%7B%22signalLevel%22%3A4%2C%22voltageLevel%22%3A-1%2C%22voltageValue%22%3A0.0%2C%22deviceImei%22%3A%22865478070011327%22%2C%22gateTime%22%3A%222026-05-15%2008%3A43%3A39%22%2C%22isExtPowerSupply%22%3A1%2C%22externalVoltage%22%3A12.61%7D%5D&token=a12341234123
------------------------------------------------------------
[2026-05-15 08:54:05] PAYLOAD RECEIVED:
data_list=%5B%7B%22signalLevel%22%3A4%2C%22voltageLevel%22%3A-1%2C%22voltageValue%22%3A0.0%2C%22deviceImei%22%3A%22865478070011327%22%2C%22gateTime%22%3A%222026-05-15%2008%3A54%3A01%22%2C%22isExtPowerSupply%22%3A1%2C%22externalVoltage%22%3A12.61%7D%5D&token=a12341234123
------------------------------------------------------------
[2026-05-15 09:04:25] PAYLOAD RECEIVED:
data_list=%5B%7B%22signalLevel%22%3A4%2C%22voltageLevel%22%3A-1%2C%22voltageValue%22%3A0.0%2C%22deviceImei%22%3A%22865478070011327%22%2C%22gateTime%22%3A%222026-05-15%2009%3A04%3A23%22%2C%22isExtPowerSupply%22%3A1%2C%22externalVoltage%22%3A12.61%7D%5D&token=a12341234123
------------------------------------------------------------
[2026-05-15 09:14:50] PAYLOAD RECEIVED:
data_list=%5B%7B%22signalLevel%22%3A4%2C%22voltageLevel%22%3A-1%2C%22voltageValue%22%3A0.0%2C%22deviceImei%22%3A%22865478070011327%22%2C%22gateTime%22%3A%222026-05-15%2009%3A14%3A45%22%2C%22isExtPowerSupply%22%3A1%2C%22externalVoltage%22%3A12.61%7D%5D&token=a12341234123
------------------------------------------------------------
[2026-05-15 09:25:10] PAYLOAD RECEIVED:
data_list=%5B%7B%22signalLevel%22%3A4%2C%22voltageLevel%22%3A-1%2C%22voltageValue%22%3A0.0%2C%22deviceImei%22%3A%22865478070011327%22%2C%22gateTime%22%3A%222026-05-15%2009%3A25%3A07%22%2C%22isExtPowerSupply%22%3A1%2C%22externalVoltage%22%3A12.61%7D%5D&token=a12341234123
------------------------------------------------------------
[2026-05-15 11:02:15] PAYLOAD RECEIVED:
data_list=%5B%7B%22signalLevel%22%3A4%2C%22voltageLevel%22%3A-1%2C%22voltageValue%22%3A0.0%2C%22deviceImei%22%3A%22865478070011327%22%2C%22gateTime%22%3A%222026-05-15%2011%3A02%3A11%22%2C%22isExtPowerSupply%22%3A1%2C%22externalVoltage%22%3A12.66%7D%2C%7B%22signalLevel%22%3A4%2C%22voltageLevel%22%3A-1%2C%22voltageValue%22%3A0.0%2C%22deviceImei%22%3A%22865478070011327%22%2C%22gateTime%22%3A%222026-05-15%2011%3A02%3A11%22%2C%22isExtPowerSupply%22%3A1%2C%22externalVoltage%22%3A12.66%7D%5D&token=a12341234123
------------------------------------------------------------
[2026-05-15 11:12:55] PAYLOAD RECEIVED:
data_list=%5B%7B%22signalLevel%22%3A4%2C%22voltageLevel%22%3A-1%2C%22voltageValue%22%3A0.0%2C%22deviceImei%22%3A%22865478070011327%22%2C%22gateTime%22%3A%222026-05-15%2011%3A12%3A50%22%2C%22isExtPowerSupply%22%3A1%2C%22externalVoltage%22%3A12.78%7D%2C%7B%22signalLevel%22%3A4%2C%22voltageLevel%22%3A-1%2C%22voltageValue%22%3A0.0%2C%22deviceImei%22%3A%22865478070011327%22%2C%22gateTime%22%3A%222026-05-15%2011%3A12%3A50%22%2C%22isExtPowerSupply%22%3A1%2C%22externalVoltage%22%3A12.78%7D%5D&token=a12341234123
------------------------------------------------------------
[2026-05-15 11:23:35] PAYLOAD RECEIVED:
data_list=%5B%7B%22signalLevel%22%3A4%2C%22voltageLevel%22%3A-1%2C%22voltageValue%22%3A0.0%2C%22deviceImei%22%3A%22865478070011327%22%2C%22gateTime%22%3A%222026-05-15%2011%3A23%3A30%22%2C%22isExtPowerSupply%22%3A1%2C%22externalVoltage%22%3A12.78%7D%2C%7B%22signalLevel%22%3A4%2C%22voltageLevel%22%3A-1%2C%22voltageValue%22%3A0.0%2C%22deviceImei%22%3A%22865478070011327%22%2C%22gateTime%22%3A%222026-05-15%2011%3A23%3A30%22%2C%22isExtPowerSupply%22%3A1%2C%22externalVoltage%22%3A12.78%7D%5D&token=a12341234123
------------------------------------------------------------
[2026-05-15 11:34:15] PAYLOAD RECEIVED:
data_list=%5B%7B%22signalLevel%22%3A4%2C%22voltageLevel%22%3A-1%2C%22voltageValue%22%3A0.0%2C%22deviceImei%22%3A%22865478070011327%22%2C%22gateTime%22%3A%222026-05-15%2011%3A34%3A11%22%2C%22isExtPowerSupply%22%3A1%2C%22externalVoltage%22%3A12.76%7D%2C%7B%22signalLevel%22%3A4%2C%22voltageLevel%22%3A-1%2C%22voltageValue%22%3A0.0%2C%22deviceImei%22%3A%22865478070011327%22%2C%22gateTime%22%3A%222026-05-15%2011%3A34%3A11%22%2C%22isExtPowerSupply%22%3A1%2C%22externalVoltage%22%3A12.76%7D%5D&token=a12341234123
------------------------------------------------------------
[2026-05-15 11:44:55] PAYLOAD RECEIVED:
data_list=%5B%7B%22signalLevel%22%3A4%2C%22voltageLevel%22%3A-1%2C%22voltageValue%22%3A0.0%2C%22deviceImei%22%3A%22865478070011327%22%2C%22gateTime%22%3A%222026-05-15%2011%3A44%3A51%22%2C%22isExtPowerSupply%22%3A1%2C%22externalVoltage%22%3A12.76%7D%2C%7B%22signalLevel%22%3A4%2C%22voltageLevel%22%3A-1%2C%22voltageValue%22%3A0.0%2C%22deviceImei%22%3A%22865478070011327%22%2C%22gateTime%22%3A%222026-05-15%2011%3A44%3A51%22%2C%22isExtPowerSupply%22%3A1%2C%22externalVoltage%22%3A12.76%7D%5D&token=a12341234123
------------------------------------------------------------
[2026-05-15 11:55:15] PAYLOAD RECEIVED:
data_list=%5B%7B%22signalLevel%22%3A4%2C%22voltageLevel%22%3A-1%2C%22voltageValue%22%3A0.0%2C%22deviceImei%22%3A%22865478070011327%22%2C%22gateTime%22%3A%222026-05-15%2011%3A55%3A13%22%2C%22isExtPowerSupply%22%3A1%2C%22externalVoltage%22%3A12.78%7D%5D&token=a12341234123
------------------------------------------------------------
[2026-05-15 12:05:40] PAYLOAD RECEIVED:
data_list=%5B%7B%22signalLevel%22%3A4%2C%22voltageLevel%22%3A-1%2C%22voltageValue%22%3A0.0%2C%22deviceImei%22%3A%22865478070011327%22%2C%22gateTime%22%3A%222026-05-15%2012%3A05%3A35%22%2C%22isExtPowerSupply%22%3A1%2C%22externalVoltage%22%3A12.76%7D%5D&token=a12341234123
------------------------------------------------------------
[2026-05-15 12:16:20] PAYLOAD RECEIVED:
data_list=%5B%7B%22signalLevel%22%3A4%2C%22voltageLevel%22%3A-1%2C%22voltageValue%22%3A0.0%2C%22deviceImei%22%3A%22865478070011327%22%2C%22gateTime%22%3A%222026-05-15%2012%3A16%3A15%22%2C%22isExtPowerSupply%22%3A1%2C%22externalVoltage%22%3A12.76%7D%2C%7B%22signalLevel%22%3A4%2C%22voltageLevel%22%3A-1%2C%22voltageValue%22%3A0.0%2C%22deviceImei%22%3A%22865478070011327%22%2C%22gateTime%22%3A%222026-05-15%2012%3A16%3A15%22%2C%22isExtPowerSupply%22%3A1%2C%22externalVoltage%22%3A12.76%7D%5D&token=a12341234123
------------------------------------------------------------
[2026-05-15 12:26:40] PAYLOAD RECEIVED:
data_list=%5B%7B%22signalLevel%22%3A4%2C%22voltageLevel%22%3A-1%2C%22voltageValue%22%3A0.0%2C%22deviceImei%22%3A%22865478070011327%22%2C%22gateTime%22%3A%222026-05-15%2012%3A26%3A37%22%2C%22isExtPowerSupply%22%3A1%2C%22externalVoltage%22%3A12.76%7D%5D&token=a12341234123
------------------------------------------------------------
[2026-05-15 12:37:20] PAYLOAD RECEIVED:
data_list=%5B%7B%22signalLevel%22%3A4%2C%22voltageLevel%22%3A-1%2C%22voltageValue%22%3A0.0%2C%22deviceImei%22%3A%22865478070011327%22%2C%22gateTime%22%3A%222026-05-15%2012%3A37%3A17%22%2C%22isExtPowerSupply%22%3A1%2C%22externalVoltage%22%3A12.73%7D%2C%7B%22signalLevel%22%3A4%2C%22voltageLevel%22%3A-1%2C%22voltageValue%22%3A0.0%2C%22deviceImei%22%3A%22865478070011327%22%2C%22gateTime%22%3A%222026-05-15%2012%3A37%3A17%22%2C%22isExtPowerSupply%22%3A1%2C%22externalVoltage%22%3A12.73%7D%5D&token=a12341234123
------------------------------------------------------------
[2026-05-15 12:48:00] PAYLOAD RECEIVED:
data_list=%5B%7B%22signalLevel%22%3A4%2C%22voltageLevel%22%3A-1%2C%22voltageValue%22%3A0.0%2C%22deviceImei%22%3A%22865478070011327%22%2C%22gateTime%22%3A%222026-05-15%2012%3A47%3A57%22%2C%22isExtPowerSupply%22%3A1%2C%22externalVoltage%22%3A12.73%7D%2C%7B%22signalLevel%22%3A4%2C%22voltageLevel%22%3A-1%2C%22voltageValue%22%3A0.0%2C%22deviceImei%22%3A%22865478070011327%22%2C%22gateTime%22%3A%222026-05-15%2012%3A47%3A57%22%2C%22isExtPowerSupply%22%3A1%2C%22externalVoltage%22%3A12.73%7D%5D&token=a12341234123
------------------------------------------------------------
[2026-05-15 12:58:40] PAYLOAD RECEIVED:
data_list=%5B%7B%22signalLevel%22%3A4%2C%22voltageLevel%22%3A-1%2C%22voltageValue%22%3A0.0%2C%22deviceImei%22%3A%22865478070011327%22%2C%22gateTime%22%3A%222026-05-15%2012%3A58%3A37%22%2C%22isExtPowerSupply%22%3A1%2C%22externalVoltage%22%3A12.78%7D%2C%7B%22signalLevel%22%3A4%2C%22voltageLevel%22%3A-1%2C%22voltageValue%22%3A0.0%2C%22deviceImei%22%3A%22865478070011327%22%2C%22gateTime%22%3A%222026-05-15%2012%3A58%3A37%22%2C%22isExtPowerSupply%22%3A1%2C%22externalVoltage%22%3A12.78%7D%5D&token=a12341234123
------------------------------------------------------------
[2026-05-15 13:09:05] PAYLOAD RECEIVED:
data_list=%5B%7B%22signalLevel%22%3A4%2C%22voltageLevel%22%3A-1%2C%22voltageValue%22%3A0.0%2C%22deviceImei%22%3A%22865478070011327%22%2C%22gateTime%22%3A%222026-05-15%2013%3A09%3A00%22%2C%22isExtPowerSupply%22%3A1%2C%22externalVoltage%22%3A12.73%7D%5D&token=a12341234123
------------------------------------------------------------
[2026-05-15 13:19:45] PAYLOAD RECEIVED:
data_list=%5B%7B%22signalLevel%22%3A4%2C%22voltageLevel%22%3A-1%2C%22voltageValue%22%3A0.0%2C%22deviceImei%22%3A%22865478070011327%22%2C%22gateTime%22%3A%222026-05-15%2013%3A19%3A40%22%2C%22isExtPowerSupply%22%3A1%2C%22externalVoltage%22%3A12.73%7D%2C%7B%22signalLevel%22%3A4%2C%22voltageLevel%22%3A-1%2C%22voltageValue%22%3A0.0%2C%22deviceImei%22%3A%22865478070011327%22%2C%22gateTime%22%3A%222026-05-15%2013%3A19%3A40%22%2C%22isExtPowerSupply%22%3A1%2C%22externalVoltage%22%3A12.73%7D%2C%7B%22signalLevel%22%3A4%2C%22voltageLevel%22%3A-1%2C%22voltageValue%22%3A0.0%2C%22deviceImei%22%3A%22865478070011327%22%2C%22gateTime%22%3A%222026-05-15%2013%3A19%3A43%22%2C%22isExtPowerSupply%22%3A1%2C%22externalVoltage%22%3A12.73%7D%5D&token=a12341234123
------------------------------------------------------------
[2026-05-15 13:21:30] PAYLOAD RECEIVED:
data_list=%5B%7B%22signalLevel%22%3A4%2C%22voltageLevel%22%3A-1%2C%22voltageValue%22%3A0.0%2C%22deviceImei%22%3A%22865478070011327%22%2C%22gateTime%22%3A%222026-05-15%2013%3A21%3A29%22%2C%22isExtPowerSupply%22%3A1%2C%22externalVoltage%22%3A12.73%7D%5D&token=a12341234123
------------------------------------------------------------
[2026-05-15 13:31:55] PAYLOAD RECEIVED:
data_list=%5B%7B%22signalLevel%22%3A4%2C%22voltageLevel%22%3A-1%2C%22voltageValue%22%3A0.0%2C%22deviceImei%22%3A%22865478070011327%22%2C%22gateTime%22%3A%222026-05-15%2013%3A31%3A51%22%2C%22isExtPowerSupply%22%3A1%2C%22externalVoltage%22%3A12.73%7D%5D&token=a12341234123
------------------------------------------------------------
[2026-05-15 13:42:15] PAYLOAD RECEIVED:
data_list=%5B%7B%22signalLevel%22%3A4%2C%22voltageLevel%22%3A-1%2C%22voltageValue%22%3A0.0%2C%22deviceImei%22%3A%22865478070011327%22%2C%22gateTime%22%3A%222026-05-15%2013%3A42%3A13%22%2C%22isExtPowerSupply%22%3A1%2C%22externalVoltage%22%3A12.71%7D%5D&token=a12341234123
------------------------------------------------------------
[2026-05-15 13:52:40] PAYLOAD RECEIVED:
data_list=%5B%7B%22signalLevel%22%3A4%2C%22voltageLevel%22%3A-1%2C%22voltageValue%22%3A0.0%2C%22deviceImei%22%3A%22865478070011327%22%2C%22gateTime%22%3A%222026-05-15%2013%3A52%3A35%22%2C%22isExtPowerSupply%22%3A1%2C%22externalVoltage%22%3A12.71%7D%5D&token=a12341234123
------------------------------------------------------------
[2026-05-15 14:03:00] PAYLOAD RECEIVED:
data_list=%5B%7B%22signalLevel%22%3A4%2C%22voltageLevel%22%3A-1%2C%22voltageValue%22%3A0.0%2C%22deviceImei%22%3A%22865478070011327%22%2C%22gateTime%22%3A%222026-05-15%2014%3A02%3A57%22%2C%22isExtPowerSupply%22%3A1%2C%22externalVoltage%22%3A12.71%7D%5D&token=a12341234123
------------------------------------------------------------
[2026-05-15 14:13:25] PAYLOAD RECEIVED:
data_list=%5B%7B%22signalLevel%22%3A4%2C%22voltageLevel%22%3A-1%2C%22voltageValue%22%3A0.0%2C%22deviceImei%22%3A%22865478070011327%22%2C%22gateTime%22%3A%222026-05-15%2014%3A13%3A19%22%2C%22isExtPowerSupply%22%3A1%2C%22externalVoltage%22%3A12.71%7D%5D&token=a12341234123
------------------------------------------------------------
[2026-05-15 14:23:45] PAYLOAD RECEIVED:
data_list=%5B%7B%22signalLevel%22%3A4%2C%22voltageLevel%22%3A-1%2C%22voltageValue%22%3A0.0%2C%22deviceImei%22%3A%22865478070011327%22%2C%22gateTime%22%3A%222026-05-15%2014%3A23%3A41%22%2C%22isExtPowerSupply%22%3A1%2C%22externalVoltage%22%3A12.71%7D%5D&token=a12341234123
------------------------------------------------------------
[2026-05-15 14:34:25] PAYLOAD RECEIVED:
data_list=%5B%7B%22signalLevel%22%3A4%2C%22voltageLevel%22%3A-1%2C%22voltageValue%22%3A0.0%2C%22deviceImei%22%3A%22865478070011327%22%2C%22gateTime%22%3A%222026-05-15%2014%3A34%3A21%22%2C%22isExtPowerSupply%22%3A1%2C%22externalVoltage%22%3A12.69%7D%2C%7B%22signalLevel%22%3A4%2C%22voltageLevel%22%3A-1%2C%22voltageValue%22%3A0.0%2C%22deviceImei%22%3A%22865478070011327%22%2C%22gateTime%22%3A%222026-05-15%2014%3A34%3A22%22%2C%22isExtPowerSupply%22%3A1%2C%22externalVoltage%22%3A12.69%7D%5D&token=a12341234123
------------------------------------------------------------
[2026-05-15 14:45:05] PAYLOAD RECEIVED:
data_list=%5B%7B%22signalLevel%22%3A4%2C%22voltageLevel%22%3A-1%2C%22voltageValue%22%3A0.0%2C%22deviceImei%22%3A%22865478070011327%22%2C%22gateTime%22%3A%222026-05-15%2014%3A45%3A01%22%2C%22isExtPowerSupply%22%3A1%2C%22externalVoltage%22%3A12.71%7D%2C%7B%22signalLevel%22%3A4%2C%22voltageLevel%22%3A-1%2C%22voltageValue%22%3A0.0%2C%22deviceImei%22%3A%22865478070011327%22%2C%22gateTime%22%3A%222026-05-15%2014%3A45%3A01%22%2C%22isExtPowerSupply%22%3A1%2C%22externalVoltage%22%3A12.71%7D%5D&token=a12341234123
------------------------------------------------------------
[2026-05-15 14:55:25] PAYLOAD RECEIVED:
data_list=%5B%7B%22signalLevel%22%3A4%2C%22voltageLevel%22%3A-1%2C%22voltageValue%22%3A0.0%2C%22deviceImei%22%3A%22865478070011327%22%2C%22gateTime%22%3A%222026-05-15%2014%3A55%3A24%22%2C%22isExtPowerSupply%22%3A1%2C%22externalVoltage%22%3A12.71%7D%5D&token=a12341234123
------------------------------------------------------------
[2026-05-15 15:05:50] PAYLOAD RECEIVED:
data_list=%5B%7B%22signalLevel%22%3A4%2C%22voltageLevel%22%3A-1%2C%22voltageValue%22%3A0.0%2C%22deviceImei%22%3A%22865478070011327%22%2C%22gateTime%22%3A%222026-05-15%2015%3A05%3A46%22%2C%22isExtPowerSupply%22%3A1%2C%22externalVoltage%22%3A12.69%7D%5D&token=a12341234123
------------------------------------------------------------
[2026-05-15 15:16:30] PAYLOAD RECEIVED:
data_list=%5B%7B%22signalLevel%22%3A4%2C%22voltageLevel%22%3A-1%2C%22voltageValue%22%3A0.0%2C%22deviceImei%22%3A%22865478070011327%22%2C%22gateTime%22%3A%222026-05-15%2015%3A16%3A25%22%2C%22isExtPowerSupply%22%3A1%2C%22externalVoltage%22%3A12.66%7D%2C%7B%22signalLevel%22%3A4%2C%22voltageLevel%22%3A-1%2C%22voltageValue%22%3A0.0%2C%22deviceImei%22%3A%22865478070011327%22%2C%22gateTime%22%3A%222026-05-15%2015%3A16%3A26%22%2C%22isExtPowerSupply%22%3A1%2C%22externalVoltage%22%3A12.66%7D%5D&token=a12341234123
------------------------------------------------------------
[2026-05-15 15:27:10] PAYLOAD RECEIVED:
data_list=%5B%7B%22signalLevel%22%3A4%2C%22voltageLevel%22%3A-1%2C%22voltageValue%22%3A0.0%2C%22deviceImei%22%3A%22865478070011327%22%2C%22gateTime%22%3A%222026-05-15%2015%3A27%3A05%22%2C%22isExtPowerSupply%22%3A1%2C%22externalVoltage%22%3A12.69%7D%2C%7B%22signalLevel%22%3A4%2C%22voltageLevel%22%3A-1%2C%22voltageValue%22%3A0.0%2C%22deviceImei%22%3A%22865478070011327%22%2C%22gateTime%22%3A%222026-05-15%2015%3A27%3A06%22%2C%22isExtPowerSupply%22%3A1%2C%22externalVoltage%22%3A12.69%7D%5D&token=a12341234123
------------------------------------------------------------
[2026-05-15 15:37:30] PAYLOAD RECEIVED:
data_list=%5B%7B%22signalLevel%22%3A4%2C%22voltageLevel%22%3A-1%2C%22voltageValue%22%3A0.0%2C%22deviceImei%22%3A%22865478070011327%22%2C%22gateTime%22%3A%222026-05-15%2015%3A37%3A28%22%2C%22isExtPowerSupply%22%3A1%2C%22externalVoltage%22%3A12.69%7D%5D&token=a12341234123
------------------------------------------------------------
[2026-05-15 15:48:10] PAYLOAD RECEIVED:
data_list=%5B%7B%22signalLevel%22%3A4%2C%22voltageLevel%22%3A-1%2C%22voltageValue%22%3A0.0%2C%22deviceImei%22%3A%22865478070011327%22%2C%22gateTime%22%3A%222026-05-15%2015%3A48%3A08%22%2C%22isExtPowerSupply%22%3A1%2C%22externalVoltage%22%3A12.66%7D%2C%7B%22signalLevel%22%3A4%2C%22voltageLevel%22%3A-1%2C%22voltageValue%22%3A0.0%2C%22deviceImei%22%3A%22865478070011327%22%2C%22gateTime%22%3A%222026-05-15%2015%3A48%3A08%22%2C%22isExtPowerSupply%22%3A1%2C%22externalVoltage%22%3A12.66%7D%5D&token=a12341234123
------------------------------------------------------------
[2026-05-15 15:58:35] PAYLOAD RECEIVED:
data_list=%5B%7B%22signalLevel%22%3A4%2C%22voltageLevel%22%3A-1%2C%22voltageValue%22%3A0.0%2C%22deviceImei%22%3A%22865478070011327%22%2C%22gateTime%22%3A%222026-05-15%2015%3A58%3A30%22%2C%22isExtPowerSupply%22%3A1%2C%22externalVoltage%22%3A12.69%7D%5D&token=a12341234123
------------------------------------------------------------
[2026-05-15 17:12:30] PAYLOAD RECEIVED:
data_list=%5B%7B%22signalLevel%22%3A4%2C%22voltageLevel%22%3A-1%2C%22voltageValue%22%3A0.0%2C%22deviceImei%22%3A%22865478070011327%22%2C%22gateTime%22%3A%222026-05-15%2017%3A12%3A24%22%2C%22isExtPowerSupply%22%3A1%2C%22externalVoltage%22%3A12.66%7D%2C%7B%22signalLevel%22%3A4%2C%22voltageLevel%22%3A-1%2C%22voltageValue%22%3A0.0%2C%22deviceImei%22%3A%22865478070011327%22%2C%22gateTime%22%3A%222026-05-15%2017%3A12%3A24%22%2C%22isExtPowerSupply%22%3A1%2C%22externalVoltage%22%3A12.66%7D%5D&token=a12341234123
------------------------------------------------------------
[2026-05-15 17:23:05] PAYLOAD RECEIVED:
data_list=%5B%7B%22signalLevel%22%3A4%2C%22voltageLevel%22%3A-1%2C%22voltageValue%22%3A0.0%2C%22deviceImei%22%3A%22865478070011327%22%2C%22gateTime%22%3A%222026-05-15%2017%3A23%3A04%22%2C%22isExtPowerSupply%22%3A1%2C%22externalVoltage%22%3A12.76%7D%2C%7B%22signalLevel%22%3A4%2C%22voltageLevel%22%3A-1%2C%22voltageValue%22%3A0.0%2C%22deviceImei%22%3A%22865478070011327%22%2C%22gateTime%22%3A%222026-05-15%2017%3A23%3A04%22%2C%22isExtPowerSupply%22%3A1%2C%22externalVoltage%22%3A12.76%7D%5D&token=a12341234123
------------------------------------------------------------
[2026-05-15 17:33:30] PAYLOAD RECEIVED:
data_list=%5B%7B%22signalLevel%22%3A4%2C%22voltageLevel%22%3A-1%2C%22voltageValue%22%3A0.0%2C%22deviceImei%22%3A%22865478070011327%22%2C%22gateTime%22%3A%222026-05-15%2017%3A33%3A26%22%2C%22isExtPowerSupply%22%3A1%2C%22externalVoltage%22%3A12.76%7D%5D&token=a12341234123
------------------------------------------------------------
[2026-05-15 17:43:50] PAYLOAD RECEIVED:
data_list=%5B%7B%22signalLevel%22%3A3%2C%22voltageLevel%22%3A-1%2C%22voltageValue%22%3A0.0%2C%22deviceImei%22%3A%22865478070011327%22%2C%22gateTime%22%3A%222026-05-15%2017%3A43%3A48%22%2C%22isExtPowerSupply%22%3A1%2C%22externalVoltage%22%3A12.76%7D%5D&token=a12341234123
------------------------------------------------------------
[2026-05-15 18:43:20] PAYLOAD RECEIVED:
data_list=%5B%7B%22signalLevel%22%3A4%2C%22voltageLevel%22%3A-1%2C%22voltageValue%22%3A0.0%2C%22deviceImei%22%3A%22865478070011327%22%2C%22gateTime%22%3A%222026-05-15%2018%3A43%3A15%22%2C%22isExtPowerSupply%22%3A1%2C%22externalVoltage%22%3A12.76%7D%2C%7B%22signalLevel%22%3A4%2C%22voltageLevel%22%3A-1%2C%22voltageValue%22%3A0.0%2C%22deviceImei%22%3A%22865478070011327%22%2C%22gateTime%22%3A%222026-05-15%2018%3A43%3A15%22%2C%22isExtPowerSupply%22%3A1%2C%22externalVoltage%22%3A12.76%7D%5D&token=a12341234123
------------------------------------------------------------
[2026-05-15 18:54:00] PAYLOAD RECEIVED:
data_list=%5B%7B%22signalLevel%22%3A4%2C%22voltageLevel%22%3A-1%2C%22voltageValue%22%3A0.0%2C%22deviceImei%22%3A%22865478070011327%22%2C%22gateTime%22%3A%222026-05-15%2018%3A53%3A55%22%2C%22isExtPowerSupply%22%3A1%2C%22externalVoltage%22%3A12.8%7D%2C%7B%22signalLevel%22%3A4%2C%22voltageLevel%22%3A-1%2C%22voltageValue%22%3A0.0%2C%22deviceImei%22%3A%22865478070011327%22%2C%22gateTime%22%3A%222026-05-15%2018%3A53%3A55%22%2C%22isExtPowerSupply%22%3A1%2C%22externalVoltage%22%3A12.8%7D%5D&token=a12341234123
------------------------------------------------------------
[2026-05-15 19:04:20] PAYLOAD RECEIVED:
data_list=%5B%7B%22signalLevel%22%3A4%2C%22voltageLevel%22%3A-1%2C%22voltageValue%22%3A0.0%2C%22deviceImei%22%3A%22865478070011327%22%2C%22gateTime%22%3A%222026-05-15%2019%3A04%3A17%22%2C%22isExtPowerSupply%22%3A1%2C%22externalVoltage%22%3A12.78%7D%5D&token=a12341234123
------------------------------------------------------------
[2026-05-15 19:15:00] PAYLOAD RECEIVED:
data_list=%5B%7B%22signalLevel%22%3A4%2C%22voltageLevel%22%3A-1%2C%22voltageValue%22%3A0.0%2C%22deviceImei%22%3A%22865478070011327%22%2C%22gateTime%22%3A%222026-05-15%2019%3A14%3A57%22%2C%22isExtPowerSupply%22%3A1%2C%22externalVoltage%22%3A12.78%7D%2C%7B%22signalLevel%22%3A4%2C%22voltageLevel%22%3A-1%2C%22voltageValue%22%3A0.0%2C%22deviceImei%22%3A%22865478070011327%22%2C%22gateTime%22%3A%222026-05-15%2019%3A14%3A57%22%2C%22isExtPowerSupply%22%3A1%2C%22externalVoltage%22%3A12.78%7D%5D&token=a12341234123
------------------------------------------------------------
[2026-05-15 19:25:20] PAYLOAD RECEIVED:
data_list=%5B%7B%22signalLevel%22%3A4%2C%22voltageLevel%22%3A-1%2C%22voltageValue%22%3A0.0%2C%22deviceImei%22%3A%22865478070011327%22%2C%22gateTime%22%3A%222026-05-15%2019%3A25%3A19%22%2C%22isExtPowerSupply%22%3A1%2C%22externalVoltage%22%3A12.78%7D%5D&token=a12341234123
------------------------------------------------------------
[2026-05-15 19:35:45] PAYLOAD RECEIVED:
data_list=%5B%7B%22signalLevel%22%3A4%2C%22voltageLevel%22%3A-1%2C%22voltageValue%22%3A0.0%2C%22deviceImei%22%3A%22865478070011327%22%2C%22gateTime%22%3A%222026-05-15%2019%3A35%3A41%22%2C%22isExtPowerSupply%22%3A1%2C%22externalVoltage%22%3A12.76%7D%5D&token=a12341234123
------------------------------------------------------------
[2026-05-15 19:46:05] PAYLOAD RECEIVED:
data_list=%5B%7B%22signalLevel%22%3A4%2C%22voltageLevel%22%3A-1%2C%22voltageValue%22%3A0.0%2C%22deviceImei%22%3A%22865478070011327%22%2C%22gateTime%22%3A%222026-05-15%2019%3A46%3A03%22%2C%22isExtPowerSupply%22%3A1%2C%22externalVoltage%22%3A12.73%7D%5D&token=a12341234123
------------------------------------------------------------
[2026-05-15 19:56:25] PAYLOAD RECEIVED:
data_list=%5B%7B%22signalLevel%22%3A4%2C%22voltageLevel%22%3A-1%2C%22voltageValue%22%3A0.0%2C%22deviceImei%22%3A%22865478070011327%22%2C%22gateTime%22%3A%222026-05-15%2019%3A56%3A24%22%2C%22isExtPowerSupply%22%3A1%2C%22externalVoltage%22%3A12.76%7D%5D&token=a12341234123
------------------------------------------------------------
[2026-05-15 20:07:05] PAYLOAD RECEIVED:
data_list=%5B%7B%22signalLevel%22%3A4%2C%22voltageLevel%22%3A-1%2C%22voltageValue%22%3A0.0%2C%22deviceImei%22%3A%22865478070011327%22%2C%22gateTime%22%3A%222026-05-15%2020%3A07%3A04%22%2C%22isExtPowerSupply%22%3A1%2C%22externalVoltage%22%3A12.73%7D%2C%7B%22signalLevel%22%3A4%2C%22voltageLevel%22%3A-1%2C%22voltageValue%22%3A0.0%2C%22deviceImei%22%3A%22865478070011327%22%2C%22gateTime%22%3A%222026-05-15%2020%3A07%3A04%22%2C%22isExtPowerSupply%22%3A1%2C%22externalVoltage%22%3A12.73%7D%5D&token=a12341234123
------------------------------------------------------------
[2026-05-15 21:11:20] PAYLOAD RECEIVED:
data_list=%5B%7B%22signalLevel%22%3A4%2C%22voltageLevel%22%3A-1%2C%22voltageValue%22%3A0.0%2C%22deviceImei%22%3A%22865478070011327%22%2C%22gateTime%22%3A%222026-05-15%2021%3A11%3A18%22%2C%22isExtPowerSupply%22%3A1%2C%22externalVoltage%22%3A12.69%7D%2C%7B%22signalLevel%22%3A4%2C%22voltageLevel%22%3A-1%2C%22voltageValue%22%3A0.0%2C%22deviceImei%22%3A%22865478070011327%22%2C%22gateTime%22%3A%222026-05-15%2021%3A11%3A19%22%2C%22isExtPowerSupply%22%3A1%2C%22externalVoltage%22%3A12.69%7D%5D&token=a12341234123
------------------------------------------------------------
[2026-05-15 21:22:00] PAYLOAD RECEIVED:
data_list=%5B%7B%22signalLevel%22%3A4%2C%22voltageLevel%22%3A-1%2C%22voltageValue%22%3A0.0%2C%22deviceImei%22%3A%22865478070011327%22%2C%22gateTime%22%3A%222026-05-15%2021%3A21%3A58%22%2C%22isExtPowerSupply%22%3A1%2C%22externalVoltage%22%3A12.73%7D%2C%7B%22signalLevel%22%3A4%2C%22voltageLevel%22%3A-1%2C%22voltageValue%22%3A0.0%2C%22deviceImei%22%3A%22865478070011327%22%2C%22gateTime%22%3A%222026-05-15%2021%3A21%3A58%22%2C%22isExtPowerSupply%22%3A1%2C%22externalVoltage%22%3A12.73%7D%5D&token=a12341234123
------------------------------------------------------------
[2026-05-15 21:32:26] PAYLOAD RECEIVED:
data_list=%5B%7B%22signalLevel%22%3A4%2C%22voltageLevel%22%3A-1%2C%22voltageValue%22%3A0.0%2C%22deviceImei%22%3A%22865478070011327%22%2C%22gateTime%22%3A%222026-05-15%2021%3A32%3A20%22%2C%22isExtPowerSupply%22%3A1%2C%22externalVoltage%22%3A12.73%7D%5D&token=a12341234123
------------------------------------------------------------
[2026-05-15 21:43:06] PAYLOAD RECEIVED:
data_list=%5B%7B%22signalLevel%22%3A4%2C%22voltageLevel%22%3A-1%2C%22voltageValue%22%3A0.0%2C%22deviceImei%22%3A%22865478070011327%22%2C%22gateTime%22%3A%222026-05-15%2021%3A43%3A00%22%2C%22isExtPowerSupply%22%3A1%2C%22externalVoltage%22%3A12.73%7D%2C%7B%22signalLevel%22%3A4%2C%22voltageLevel%22%3A-1%2C%22voltageValue%22%3A0.0%2C%22deviceImei%22%3A%22865478070011327%22%2C%22gateTime%22%3A%222026-05-15%2021%3A43%3A01%22%2C%22isExtPowerSupply%22%3A1%2C%22externalVoltage%22%3A12.73%7D%5D&token=a12341234123
------------------------------------------------------------
[2026-05-15 21:53:26] PAYLOAD RECEIVED:
data_list=%5B%7B%22signalLevel%22%3A4%2C%22voltageLevel%22%3A-1%2C%22voltageValue%22%3A0.0%2C%22deviceImei%22%3A%22865478070011327%22%2C%22gateTime%22%3A%222026-05-15%2021%3A53%3A22%22%2C%22isExtPowerSupply%22%3A1%2C%22externalVoltage%22%3A12.73%7D%5D&token=a12341234123
------------------------------------------------------------
[2026-05-15 22:04:06] PAYLOAD RECEIVED:
data_list=%5B%7B%22signalLevel%22%3A4%2C%22voltageLevel%22%3A-1%2C%22voltageValue%22%3A0.0%2C%22deviceImei%22%3A%22865478070011327%22%2C%22gateTime%22%3A%222026-05-15%2022%3A04%3A02%22%2C%22isExtPowerSupply%22%3A1%2C%22externalVoltage%22%3A12.73%7D%2C%7B%22signalLevel%22%3A4%2C%22voltageLevel%22%3A-1%2C%22voltageValue%22%3A0.0%2C%22deviceImei%22%3A%22865478070011327%22%2C%22gateTime%22%3A%222026-05-15%2022%3A04%3A03%22%2C%22isExtPowerSupply%22%3A1%2C%22externalVoltage%22%3A12.73%7D%5D&token=a12341234123
------------------------------------------------------------
[2026-05-15 22:14:46] PAYLOAD RECEIVED:
data_list=%5B%7B%22signalLevel%22%3A4%2C%22voltageLevel%22%3A-1%2C%22voltageValue%22%3A0.0%2C%22deviceImei%22%3A%22865478070011327%22%2C%22gateTime%22%3A%222026-05-15%2022%3A14%3A42%22%2C%22isExtPowerSupply%22%3A1%2C%22externalVoltage%22%3A12.71%7D%2C%7B%22signalLevel%22%3A4%2C%22voltageLevel%22%3A-1%2C%22voltageValue%22%3A0.0%2C%22deviceImei%22%3A%22865478070011327%22%2C%22gateTime%22%3A%222026-05-15%2022%3A14%3A42%22%2C%22isExtPowerSupply%22%3A1%2C%22externalVoltage%22%3A12.71%7D%5D&token=a12341234123
------------------------------------------------------------
[2026-05-15 22:25:06] PAYLOAD RECEIVED:
data_list=%5B%7B%22signalLevel%22%3A4%2C%22voltageLevel%22%3A-1%2C%22voltageValue%22%3A0.0%2C%22deviceImei%22%3A%22865478070011327%22%2C%22gateTime%22%3A%222026-05-15%2022%3A25%3A04%22%2C%22isExtPowerSupply%22%3A1%2C%22externalVoltage%22%3A12.76%7D%5D&token=a12341234123
------------------------------------------------------------
[2026-05-15 22:35:31] PAYLOAD RECEIVED:
data_list=%5B%7B%22signalLevel%22%3A4%2C%22voltageLevel%22%3A-1%2C%22voltageValue%22%3A0.0%2C%22deviceImei%22%3A%22865478070011327%22%2C%22gateTime%22%3A%222026-05-15%2022%3A35%3A26%22%2C%22isExtPowerSupply%22%3A1%2C%22externalVoltage%22%3A12.73%7D%5D&token=a12341234123
------------------------------------------------------------
[2026-05-15 22:46:11] PAYLOAD RECEIVED:
data_list=%5B%7B%22signalLevel%22%3A4%2C%22voltageLevel%22%3A-1%2C%22voltageValue%22%3A0.0%2C%22deviceImei%22%3A%22865478070011327%22%2C%22gateTime%22%3A%222026-05-15%2022%3A46%3A07%22%2C%22isExtPowerSupply%22%3A1%2C%22externalVoltage%22%3A12.71%7D%2C%7B%22signalLevel%22%3A4%2C%22voltageLevel%22%3A-1%2C%22voltageValue%22%3A0.0%2C%22deviceImei%22%3A%22865478070011327%22%2C%22gateTime%22%3A%222026-05-15%2022%3A46%3A07%22%2C%22isExtPowerSupply%22%3A1%2C%22externalVoltage%22%3A12.71%7D%5D&token=a12341234123
------------------------------------------------------------
[2026-05-15 22:56:51] PAYLOAD RECEIVED:
data_list=%5B%7B%22signalLevel%22%3A4%2C%22voltageLevel%22%3A-1%2C%22voltageValue%22%3A0.0%2C%22deviceImei%22%3A%22865478070011327%22%2C%22gateTime%22%3A%222026-05-15%2022%3A56%3A47%22%2C%22isExtPowerSupply%22%3A1%2C%22externalVoltage%22%3A12.71%7D%2C%7B%22signalLevel%22%3A4%2C%22voltageLevel%22%3A-1%2C%22voltageValue%22%3A0.0%2C%22deviceImei%22%3A%22865478070011327%22%2C%22gateTime%22%3A%222026-05-15%2022%3A56%3A47%22%2C%22isExtPowerSupply%22%3A1%2C%22externalVoltage%22%3A12.71%7D%5D&token=a12341234123
------------------------------------------------------------
[2026-05-15 23:07:11] PAYLOAD RECEIVED:
data_list=%5B%7B%22signalLevel%22%3A4%2C%22voltageLevel%22%3A-1%2C%22voltageValue%22%3A0.0%2C%22deviceImei%22%3A%22865478070011327%22%2C%22gateTime%22%3A%222026-05-15%2023%3A07%3A09%22%2C%22isExtPowerSupply%22%3A1%2C%22externalVoltage%22%3A12.71%7D%5D&token=a12341234123
------------------------------------------------------------
[2026-05-15 23:17:36] PAYLOAD RECEIVED:
data_list=%5B%7B%22signalLevel%22%3A4%2C%22voltageLevel%22%3A-1%2C%22voltageValue%22%3A0.0%2C%22deviceImei%22%3A%22865478070011327%22%2C%22gateTime%22%3A%222026-05-15%2023%3A17%3A31%22%2C%22isExtPowerSupply%22%3A1%2C%22externalVoltage%22%3A12.69%7D%5D&token=a12341234123
------------------------------------------------------------
[2026-05-15 23:28:16] PAYLOAD RECEIVED:
data_list=%5B%7B%22signalLevel%22%3A4%2C%22voltageLevel%22%3A-1%2C%22voltageValue%22%3A0.0%2C%22deviceImei%22%3A%22865478070011327%22%2C%22gateTime%22%3A%222026-05-15%2023%3A28%3A11%22%2C%22isExtPowerSupply%22%3A1%2C%22externalVoltage%22%3A12.71%7D%2C%7B%22signalLevel%22%3A4%2C%22voltageLevel%22%3A-1%2C%22voltageValue%22%3A0.0%2C%22deviceImei%22%3A%22865478070011327%22%2C%22gateTime%22%3A%222026-05-15%2023%3A28%3A11%22%2C%22isExtPowerSupply%22%3A1%2C%22externalVoltage%22%3A12.71%7D%5D&token=a12341234123
------------------------------------------------------------
[2026-05-15 23:38:56] PAYLOAD RECEIVED:
data_list=%5B%7B%22signalLevel%22%3A4%2C%22voltageLevel%22%3A-1%2C%22voltageValue%22%3A0.0%2C%22deviceImei%22%3A%22865478070011327%22%2C%22gateTime%22%3A%222026-05-15%2023%3A38%3A51%22%2C%22isExtPowerSupply%22%3A1%2C%22externalVoltage%22%3A12.71%7D%2C%7B%22signalLevel%22%3A4%2C%22voltageLevel%22%3A-1%2C%22voltageValue%22%3A0.0%2C%22deviceImei%22%3A%22865478070011327%22%2C%22gateTime%22%3A%222026-05-15%2023%3A38%3A51%22%2C%22isExtPowerSupply%22%3A1%2C%22externalVoltage%22%3A12.71%7D%5D&token=a12341234123
------------------------------------------------------------
[2026-05-15 23:49:16] PAYLOAD RECEIVED:
data_list=%5B%7B%22signalLevel%22%3A4%2C%22voltageLevel%22%3A-1%2C%22voltageValue%22%3A0.0%2C%22deviceImei%22%3A%22865478070011327%22%2C%22gateTime%22%3A%222026-05-15%2023%3A49%3A13%22%2C%22isExtPowerSupply%22%3A1%2C%22externalVoltage%22%3A12.69%7D%5D&token=a12341234123
------------------------------------------------------------
[2026-05-15 23:59:41] PAYLOAD RECEIVED:
data_list=%5B%7B%22signalLevel%22%3A4%2C%22voltageLevel%22%3A-1%2C%22voltageValue%22%3A0.0%2C%22deviceImei%22%3A%22865478070011327%22%2C%22gateTime%22%3A%222026-05-15%2023%3A59%3A35%22%2C%22isExtPowerSupply%22%3A1%2C%22externalVoltage%22%3A12.69%7D%5D&token=a12341234123
------------------------------------------------------------
