[2026-05-10 00:08:12] PAYLOAD RECEIVED:
data_list=%5B%7B%22signalLevel%22%3A4%2C%22voltageLevel%22%3A-1%2C%22voltageValue%22%3A0.0%2C%22deviceImei%22%3A%22865478070011327%22%2C%22gateTime%22%3A%222026-05-10%2000%3A08%3A10%22%2C%22isExtPowerSupply%22%3A1%2C%22externalVoltage%22%3A12.69%7D%2C%7B%22signalLevel%22%3A4%2C%22voltageLevel%22%3A-1%2C%22voltageValue%22%3A0.0%2C%22deviceImei%22%3A%22865478070011327%22%2C%22gateTime%22%3A%222026-05-10%2000%3A08%3A10%22%2C%22isExtPowerSupply%22%3A1%2C%22externalVoltage%22%3A12.69%7D%5D&token=a12341234123
------------------------------------------------------------
[2026-05-10 00:18:52] PAYLOAD RECEIVED:
data_list=%5B%7B%22signalLevel%22%3A4%2C%22voltageLevel%22%3A-1%2C%22voltageValue%22%3A0.0%2C%22deviceImei%22%3A%22865478070011327%22%2C%22gateTime%22%3A%222026-05-10%2000%3A18%3A49%22%2C%22isExtPowerSupply%22%3A1%2C%22externalVoltage%22%3A12.71%7D%2C%7B%22signalLevel%22%3A4%2C%22voltageLevel%22%3A-1%2C%22voltageValue%22%3A0.0%2C%22deviceImei%22%3A%22865478070011327%22%2C%22gateTime%22%3A%222026-05-10%2000%3A18%3A50%22%2C%22isExtPowerSupply%22%3A1%2C%22externalVoltage%22%3A12.71%7D%5D&token=a12341234123
------------------------------------------------------------
[2026-05-10 00:29:17] PAYLOAD RECEIVED:
data_list=%5B%7B%22signalLevel%22%3A4%2C%22voltageLevel%22%3A-1%2C%22voltageValue%22%3A0.0%2C%22deviceImei%22%3A%22865478070011327%22%2C%22gateTime%22%3A%222026-05-10%2000%3A29%3A12%22%2C%22isExtPowerSupply%22%3A1%2C%22externalVoltage%22%3A12.69%7D%5D&token=a12341234123
------------------------------------------------------------
[2026-05-10 00:39:37] PAYLOAD RECEIVED:
data_list=%5B%7B%22signalLevel%22%3A4%2C%22voltageLevel%22%3A-1%2C%22voltageValue%22%3A0.0%2C%22deviceImei%22%3A%22865478070011327%22%2C%22gateTime%22%3A%222026-05-10%2000%3A39%3A34%22%2C%22isExtPowerSupply%22%3A1%2C%22externalVoltage%22%3A12.66%7D%5D&token=a12341234123
------------------------------------------------------------
[2026-05-10 00:49:57] PAYLOAD RECEIVED:
data_list=%5B%7B%22signalLevel%22%3A4%2C%22voltageLevel%22%3A-1%2C%22voltageValue%22%3A0.0%2C%22deviceImei%22%3A%22865478070011327%22%2C%22gateTime%22%3A%222026-05-10%2000%3A49%3A56%22%2C%22isExtPowerSupply%22%3A1%2C%22externalVoltage%22%3A12.69%7D%5D&token=a12341234123
------------------------------------------------------------
[2026-05-10 01:00:22] PAYLOAD RECEIVED:
data_list=%5B%7B%22signalLevel%22%3A4%2C%22voltageLevel%22%3A-1%2C%22voltageValue%22%3A0.0%2C%22deviceImei%22%3A%22865478070011327%22%2C%22gateTime%22%3A%222026-05-10%2001%3A00%3A18%22%2C%22isExtPowerSupply%22%3A1%2C%22externalVoltage%22%3A12.69%7D%5D&token=a12341234123
------------------------------------------------------------
[2026-05-10 01:10:42] PAYLOAD RECEIVED:
data_list=%5B%7B%22signalLevel%22%3A4%2C%22voltageLevel%22%3A-1%2C%22voltageValue%22%3A0.0%2C%22deviceImei%22%3A%22865478070011327%22%2C%22gateTime%22%3A%222026-05-10%2001%3A10%3A40%22%2C%22isExtPowerSupply%22%3A1%2C%22externalVoltage%22%3A12.69%7D%5D&token=a12341234123
------------------------------------------------------------
[2026-05-10 01:21:22] PAYLOAD RECEIVED:
data_list=%5B%7B%22signalLevel%22%3A4%2C%22voltageLevel%22%3A-1%2C%22voltageValue%22%3A0.0%2C%22deviceImei%22%3A%22865478070011327%22%2C%22gateTime%22%3A%222026-05-10%2001%3A21%3A20%22%2C%22isExtPowerSupply%22%3A1%2C%22externalVoltage%22%3A12.69%7D%2C%7B%22signalLevel%22%3A4%2C%22voltageLevel%22%3A-1%2C%22voltageValue%22%3A0.0%2C%22deviceImei%22%3A%22865478070011327%22%2C%22gateTime%22%3A%222026-05-10%2001%3A21%3A20%22%2C%22isExtPowerSupply%22%3A1%2C%22externalVoltage%22%3A12.69%7D%5D&token=a12341234123
------------------------------------------------------------
[2026-05-10 01:31:47] PAYLOAD RECEIVED:
data_list=%5B%7B%22signalLevel%22%3A4%2C%22voltageLevel%22%3A-1%2C%22voltageValue%22%3A0.0%2C%22deviceImei%22%3A%22865478070011327%22%2C%22gateTime%22%3A%222026-05-10%2001%3A31%3A42%22%2C%22isExtPowerSupply%22%3A1%2C%22externalVoltage%22%3A12.69%7D%5D&token=a12341234123
------------------------------------------------------------
[2026-05-10 01:42:27] PAYLOAD RECEIVED:
data_list=%5B%7B%22signalLevel%22%3A4%2C%22voltageLevel%22%3A-1%2C%22voltageValue%22%3A0.0%2C%22deviceImei%22%3A%22865478070011327%22%2C%22gateTime%22%3A%222026-05-10%2001%3A42%3A22%22%2C%22isExtPowerSupply%22%3A1%2C%22externalVoltage%22%3A12.69%7D%2C%7B%22signalLevel%22%3A4%2C%22voltageLevel%22%3A-1%2C%22voltageValue%22%3A0.0%2C%22deviceImei%22%3A%22865478070011327%22%2C%22gateTime%22%3A%222026-05-10%2001%3A42%3A22%22%2C%22isExtPowerSupply%22%3A1%2C%22externalVoltage%22%3A12.69%7D%5D&token=a12341234123
------------------------------------------------------------
[2026-05-10 01:52:47] PAYLOAD RECEIVED:
data_list=%5B%7B%22signalLevel%22%3A4%2C%22voltageLevel%22%3A-1%2C%22voltageValue%22%3A0.0%2C%22deviceImei%22%3A%22865478070011327%22%2C%22gateTime%22%3A%222026-05-10%2001%3A52%3A44%22%2C%22isExtPowerSupply%22%3A1%2C%22externalVoltage%22%3A12.66%7D%5D&token=a12341234123
------------------------------------------------------------
[2026-05-10 02:03:07] PAYLOAD RECEIVED:
data_list=%5B%7B%22signalLevel%22%3A4%2C%22voltageLevel%22%3A-1%2C%22voltageValue%22%3A0.0%2C%22deviceImei%22%3A%22865478070011327%22%2C%22gateTime%22%3A%222026-05-10%2002%3A03%3A06%22%2C%22isExtPowerSupply%22%3A1%2C%22externalVoltage%22%3A12.64%7D%5D&token=a12341234123
------------------------------------------------------------
[2026-05-10 02:13:32] PAYLOAD RECEIVED:
data_list=%5B%7B%22signalLevel%22%3A4%2C%22voltageLevel%22%3A-1%2C%22voltageValue%22%3A0.0%2C%22deviceImei%22%3A%22865478070011327%22%2C%22gateTime%22%3A%222026-05-10%2002%3A13%3A28%22%2C%22isExtPowerSupply%22%3A1%2C%22externalVoltage%22%3A12.66%7D%5D&token=a12341234123
------------------------------------------------------------
[2026-05-10 02:24:12] PAYLOAD RECEIVED:
data_list=%5B%7B%22signalLevel%22%3A4%2C%22voltageLevel%22%3A-1%2C%22voltageValue%22%3A0.0%2C%22deviceImei%22%3A%22865478070011327%22%2C%22gateTime%22%3A%222026-05-10%2002%3A24%3A08%22%2C%22isExtPowerSupply%22%3A1%2C%22externalVoltage%22%3A12.66%7D%2C%7B%22signalLevel%22%3A4%2C%22voltageLevel%22%3A-1%2C%22voltageValue%22%3A0.0%2C%22deviceImei%22%3A%22865478070011327%22%2C%22gateTime%22%3A%222026-05-10%2002%3A24%3A08%22%2C%22isExtPowerSupply%22%3A1%2C%22externalVoltage%22%3A12.66%7D%5D&token=a12341234123
------------------------------------------------------------
[2026-05-10 02:34:32] PAYLOAD RECEIVED:
data_list=%5B%7B%22signalLevel%22%3A4%2C%22voltageLevel%22%3A-1%2C%22voltageValue%22%3A0.0%2C%22deviceImei%22%3A%22865478070011327%22%2C%22gateTime%22%3A%222026-05-10%2002%3A34%3A30%22%2C%22isExtPowerSupply%22%3A1%2C%22externalVoltage%22%3A12.64%7D%5D&token=a12341234123
------------------------------------------------------------
[2026-05-10 02:44:57] PAYLOAD RECEIVED:
data_list=%5B%7B%22signalLevel%22%3A4%2C%22voltageLevel%22%3A-1%2C%22voltageValue%22%3A0.0%2C%22deviceImei%22%3A%22865478070011327%22%2C%22gateTime%22%3A%222026-05-10%2002%3A44%3A52%22%2C%22isExtPowerSupply%22%3A1%2C%22externalVoltage%22%3A12.66%7D%5D&token=a12341234123
------------------------------------------------------------
[2026-05-10 02:55:17] PAYLOAD RECEIVED:
data_list=%5B%7B%22signalLevel%22%3A4%2C%22voltageLevel%22%3A-1%2C%22voltageValue%22%3A0.0%2C%22deviceImei%22%3A%22865478070011327%22%2C%22gateTime%22%3A%222026-05-10%2002%3A55%3A14%22%2C%22isExtPowerSupply%22%3A1%2C%22externalVoltage%22%3A12.66%7D%5D&token=a12341234123
------------------------------------------------------------
[2026-05-10 03:05:42] PAYLOAD RECEIVED:
data_list=%5B%7B%22signalLevel%22%3A4%2C%22voltageLevel%22%3A-1%2C%22voltageValue%22%3A0.0%2C%22deviceImei%22%3A%22865478070011327%22%2C%22gateTime%22%3A%222026-05-10%2003%3A05%3A36%22%2C%22isExtPowerSupply%22%3A1%2C%22externalVoltage%22%3A12.66%7D%5D&token=a12341234123
------------------------------------------------------------
[2026-05-10 03:16:02] PAYLOAD RECEIVED:
data_list=%5B%7B%22signalLevel%22%3A4%2C%22voltageLevel%22%3A-1%2C%22voltageValue%22%3A0.0%2C%22deviceImei%22%3A%22865478070011327%22%2C%22gateTime%22%3A%222026-05-10%2003%3A15%3A59%22%2C%22isExtPowerSupply%22%3A1%2C%22externalVoltage%22%3A12.66%7D%5D&token=a12341234123
------------------------------------------------------------
[2026-05-10 03:26:22] PAYLOAD RECEIVED:
data_list=%5B%7B%22signalLevel%22%3A4%2C%22voltageLevel%22%3A-1%2C%22voltageValue%22%3A0.0%2C%22deviceImei%22%3A%22865478070011327%22%2C%22gateTime%22%3A%222026-05-10%2003%3A26%3A21%22%2C%22isExtPowerSupply%22%3A1%2C%22externalVoltage%22%3A12.64%7D%5D&token=a12341234123
------------------------------------------------------------
[2026-05-10 03:36:47] PAYLOAD RECEIVED:
data_list=%5B%7B%22signalLevel%22%3A4%2C%22voltageLevel%22%3A-1%2C%22voltageValue%22%3A0.0%2C%22deviceImei%22%3A%22865478070011327%22%2C%22gateTime%22%3A%222026-05-10%2003%3A36%3A42%22%2C%22isExtPowerSupply%22%3A1%2C%22externalVoltage%22%3A12.64%7D%5D&token=a12341234123
------------------------------------------------------------
[2026-05-10 03:47:27] PAYLOAD RECEIVED:
data_list=%5B%7B%22signalLevel%22%3A4%2C%22voltageLevel%22%3A-1%2C%22voltageValue%22%3A0.0%2C%22deviceImei%22%3A%22865478070011327%22%2C%22gateTime%22%3A%222026-05-10%2003%3A47%3A22%22%2C%22isExtPowerSupply%22%3A1%2C%22externalVoltage%22%3A12.64%7D%2C%7B%22signalLevel%22%3A4%2C%22voltageLevel%22%3A-1%2C%22voltageValue%22%3A0.0%2C%22deviceImei%22%3A%22865478070011327%22%2C%22gateTime%22%3A%222026-05-10%2003%3A47%3A22%22%2C%22isExtPowerSupply%22%3A1%2C%22externalVoltage%22%3A12.64%7D%2C%7B%22signalLevel%22%3A4%2C%22voltageLevel%22%3A-1%2C%22voltageValue%22%3A0.0%2C%22deviceImei%22%3A%22865478070011327%22%2C%22gateTime%22%3A%222026-05-10%2003%3A47%3A25%22%2C%22isExtPowerSupply%22%3A1%2C%22externalVoltage%22%3A12.64%7D%5D&token=a12341234123
------------------------------------------------------------
[2026-05-10 03:49:12] PAYLOAD RECEIVED:
data_list=%5B%7B%22signalLevel%22%3A4%2C%22voltageLevel%22%3A-1%2C%22voltageValue%22%3A0.0%2C%22deviceImei%22%3A%22865478070011327%22%2C%22gateTime%22%3A%222026-05-10%2003%3A49%3A08%22%2C%22isExtPowerSupply%22%3A1%2C%22externalVoltage%22%3A12.64%7D%5D&token=a12341234123
------------------------------------------------------------
[2026-05-10 03:59:32] PAYLOAD RECEIVED:
data_list=%5B%7B%22signalLevel%22%3A4%2C%22voltageLevel%22%3A-1%2C%22voltageValue%22%3A0.0%2C%22deviceImei%22%3A%22865478070011327%22%2C%22gateTime%22%3A%222026-05-10%2003%3A59%3A30%22%2C%22isExtPowerSupply%22%3A1%2C%22externalVoltage%22%3A12.64%7D%5D&token=a12341234123
------------------------------------------------------------
[2026-05-10 04:09:57] PAYLOAD RECEIVED:
data_list=%5B%7B%22signalLevel%22%3A4%2C%22voltageLevel%22%3A-1%2C%22voltageValue%22%3A0.0%2C%22deviceImei%22%3A%22865478070011327%22%2C%22gateTime%22%3A%222026-05-10%2004%3A09%3A52%22%2C%22isExtPowerSupply%22%3A1%2C%22externalVoltage%22%3A12.64%7D%5D&token=a12341234123
------------------------------------------------------------
[2026-05-10 04:20:37] PAYLOAD RECEIVED:
data_list=%5B%7B%22signalLevel%22%3A4%2C%22voltageLevel%22%3A-1%2C%22voltageValue%22%3A0.0%2C%22deviceImei%22%3A%22865478070011327%22%2C%22gateTime%22%3A%222026-05-10%2004%3A20%3A33%22%2C%22isExtPowerSupply%22%3A1%2C%22externalVoltage%22%3A12.61%7D%2C%7B%22signalLevel%22%3A4%2C%22voltageLevel%22%3A-1%2C%22voltageValue%22%3A0.0%2C%22deviceImei%22%3A%22865478070011327%22%2C%22gateTime%22%3A%222026-05-10%2004%3A20%3A33%22%2C%22isExtPowerSupply%22%3A1%2C%22externalVoltage%22%3A12.61%7D%5D&token=a12341234123
------------------------------------------------------------
[2026-05-10 04:31:02] PAYLOAD RECEIVED:
data_list=%5B%7B%22signalLevel%22%3A4%2C%22voltageLevel%22%3A-1%2C%22voltageValue%22%3A0.0%2C%22deviceImei%22%3A%22865478070011327%22%2C%22gateTime%22%3A%222026-05-10%2004%3A30%3A57%22%2C%22isExtPowerSupply%22%3A1%2C%22externalVoltage%22%3A12.64%7D%5D&token=a12341234123
------------------------------------------------------------
[2026-05-10 04:41:22] PAYLOAD RECEIVED:
data_list=%5B%7B%22signalLevel%22%3A4%2C%22voltageLevel%22%3A-1%2C%22voltageValue%22%3A0.0%2C%22deviceImei%22%3A%22865478070011327%22%2C%22gateTime%22%3A%222026-05-10%2004%3A41%3A19%22%2C%22isExtPowerSupply%22%3A1%2C%22externalVoltage%22%3A12.61%7D%5D&token=a12341234123
------------------------------------------------------------
[2026-05-10 04:51:47] PAYLOAD RECEIVED:
data_list=%5B%7B%22signalLevel%22%3A4%2C%22voltageLevel%22%3A-1%2C%22voltageValue%22%3A0.0%2C%22deviceImei%22%3A%22865478070011327%22%2C%22gateTime%22%3A%222026-05-10%2004%3A51%3A41%22%2C%22isExtPowerSupply%22%3A1%2C%22externalVoltage%22%3A12.61%7D%5D&token=a12341234123
------------------------------------------------------------
[2026-05-10 05:02:07] PAYLOAD RECEIVED:
data_list=%5B%7B%22signalLevel%22%3A4%2C%22voltageLevel%22%3A-1%2C%22voltageValue%22%3A0.0%2C%22deviceImei%22%3A%22865478070011327%22%2C%22gateTime%22%3A%222026-05-10%2005%3A02%3A03%22%2C%22isExtPowerSupply%22%3A1%2C%22externalVoltage%22%3A12.61%7D%5D&token=a12341234123
------------------------------------------------------------
[2026-05-10 05:12:47] PAYLOAD RECEIVED:
data_list=%5B%7B%22signalLevel%22%3A4%2C%22voltageLevel%22%3A-1%2C%22voltageValue%22%3A0.0%2C%22deviceImei%22%3A%22865478070011327%22%2C%22gateTime%22%3A%222026-05-10%2005%3A12%3A43%22%2C%22isExtPowerSupply%22%3A1%2C%22externalVoltage%22%3A12.61%7D%2C%7B%22signalLevel%22%3A4%2C%22voltageLevel%22%3A-1%2C%22voltageValue%22%3A0.0%2C%22deviceImei%22%3A%22865478070011327%22%2C%22gateTime%22%3A%222026-05-10%2005%3A12%3A43%22%2C%22isExtPowerSupply%22%3A1%2C%22externalVoltage%22%3A12.61%7D%5D&token=a12341234123
------------------------------------------------------------
[2026-05-10 05:23:27] PAYLOAD RECEIVED:
data_list=%5B%7B%22signalLevel%22%3A4%2C%22voltageLevel%22%3A-1%2C%22voltageValue%22%3A0.0%2C%22deviceImei%22%3A%22865478070011327%22%2C%22gateTime%22%3A%222026-05-10%2005%3A23%3A23%22%2C%22isExtPowerSupply%22%3A1%2C%22externalVoltage%22%3A12.61%7D%2C%7B%22signalLevel%22%3A4%2C%22voltageLevel%22%3A-1%2C%22voltageValue%22%3A0.0%2C%22deviceImei%22%3A%22865478070011327%22%2C%22gateTime%22%3A%222026-05-10%2005%3A23%3A23%22%2C%22isExtPowerSupply%22%3A1%2C%22externalVoltage%22%3A12.61%7D%5D&token=a12341234123
------------------------------------------------------------
[2026-05-10 05:34:07] PAYLOAD RECEIVED:
data_list=%5B%7B%22signalLevel%22%3A4%2C%22voltageLevel%22%3A-1%2C%22voltageValue%22%3A0.0%2C%22deviceImei%22%3A%22865478070011327%22%2C%22gateTime%22%3A%222026-05-10%2005%3A34%3A03%22%2C%22isExtPowerSupply%22%3A1%2C%22externalVoltage%22%3A12.61%7D%2C%7B%22signalLevel%22%3A4%2C%22voltageLevel%22%3A-1%2C%22voltageValue%22%3A0.0%2C%22deviceImei%22%3A%22865478070011327%22%2C%22gateTime%22%3A%222026-05-10%2005%3A34%3A03%22%2C%22isExtPowerSupply%22%3A1%2C%22externalVoltage%22%3A12.61%7D%5D&token=a12341234123
------------------------------------------------------------
[2026-05-10 05:44:47] PAYLOAD RECEIVED:
data_list=%5B%7B%22signalLevel%22%3A4%2C%22voltageLevel%22%3A-1%2C%22voltageValue%22%3A0.0%2C%22deviceImei%22%3A%22865478070011327%22%2C%22gateTime%22%3A%222026-05-10%2005%3A44%3A43%22%2C%22isExtPowerSupply%22%3A1%2C%22externalVoltage%22%3A12.59%7D%2C%7B%22signalLevel%22%3A4%2C%22voltageLevel%22%3A-1%2C%22voltageValue%22%3A0.0%2C%22deviceImei%22%3A%22865478070011327%22%2C%22gateTime%22%3A%222026-05-10%2005%3A44%3A43%22%2C%22isExtPowerSupply%22%3A1%2C%22externalVoltage%22%3A12.59%7D%5D&token=a12341234123
------------------------------------------------------------
[2026-05-10 05:55:27] PAYLOAD RECEIVED:
data_list=%5B%7B%22signalLevel%22%3A4%2C%22voltageLevel%22%3A-1%2C%22voltageValue%22%3A0.0%2C%22deviceImei%22%3A%22865478070011327%22%2C%22gateTime%22%3A%222026-05-10%2005%3A55%3A23%22%2C%22isExtPowerSupply%22%3A1%2C%22externalVoltage%22%3A12.61%7D%2C%7B%22signalLevel%22%3A4%2C%22voltageLevel%22%3A-1%2C%22voltageValue%22%3A0.0%2C%22deviceImei%22%3A%22865478070011327%22%2C%22gateTime%22%3A%222026-05-10%2005%3A55%3A23%22%2C%22isExtPowerSupply%22%3A1%2C%22externalVoltage%22%3A12.61%7D%5D&token=a12341234123
------------------------------------------------------------
[2026-05-10 06:05:47] PAYLOAD RECEIVED:
data_list=%5B%7B%22signalLevel%22%3A4%2C%22voltageLevel%22%3A-1%2C%22voltageValue%22%3A0.0%2C%22deviceImei%22%3A%22865478070011327%22%2C%22gateTime%22%3A%222026-05-10%2006%3A05%3A45%22%2C%22isExtPowerSupply%22%3A1%2C%22externalVoltage%22%3A12.57%7D%5D&token=a12341234123
------------------------------------------------------------
[2026-05-10 06:16:12] PAYLOAD RECEIVED:
data_list=%5B%7B%22signalLevel%22%3A4%2C%22voltageLevel%22%3A-1%2C%22voltageValue%22%3A0.0%2C%22deviceImei%22%3A%22865478070011327%22%2C%22gateTime%22%3A%222026-05-10%2006%3A16%3A07%22%2C%22isExtPowerSupply%22%3A1%2C%22externalVoltage%22%3A12.61%7D%5D&token=a12341234123
------------------------------------------------------------
[2026-05-10 06:26:32] PAYLOAD RECEIVED:
data_list=%5B%7B%22signalLevel%22%3A4%2C%22voltageLevel%22%3A-1%2C%22voltageValue%22%3A0.0%2C%22deviceImei%22%3A%22865478070011327%22%2C%22gateTime%22%3A%222026-05-10%2006%3A26%3A30%22%2C%22isExtPowerSupply%22%3A1%2C%22externalVoltage%22%3A12.61%7D%5D&token=a12341234123
------------------------------------------------------------
[2026-05-10 06:36:57] PAYLOAD RECEIVED:
data_list=%5B%7B%22signalLevel%22%3A4%2C%22voltageLevel%22%3A-1%2C%22voltageValue%22%3A0.0%2C%22deviceImei%22%3A%22865478070011327%22%2C%22gateTime%22%3A%222026-05-10%2006%3A36%3A52%22%2C%22isExtPowerSupply%22%3A1%2C%22externalVoltage%22%3A12.61%7D%5D&token=a12341234123
------------------------------------------------------------
[2026-05-10 06:47:37] PAYLOAD RECEIVED:
data_list=%5B%7B%22signalLevel%22%3A4%2C%22voltageLevel%22%3A-1%2C%22voltageValue%22%3A0.0%2C%22deviceImei%22%3A%22865478070011327%22%2C%22gateTime%22%3A%222026-05-10%2006%3A47%3A32%22%2C%22isExtPowerSupply%22%3A1%2C%22externalVoltage%22%3A12.59%7D%2C%7B%22signalLevel%22%3A4%2C%22voltageLevel%22%3A-1%2C%22voltageValue%22%3A0.0%2C%22deviceImei%22%3A%22865478070011327%22%2C%22gateTime%22%3A%222026-05-10%2006%3A47%3A32%22%2C%22isExtPowerSupply%22%3A1%2C%22externalVoltage%22%3A12.59%7D%5D&token=a12341234123
------------------------------------------------------------
[2026-05-10 06:58:47] PAYLOAD RECEIVED:
data_list=%5B%7B%22signalLevel%22%3A4%2C%22voltageLevel%22%3A-1%2C%22voltageValue%22%3A0.0%2C%22deviceImei%22%3A%22865478070011327%22%2C%22gateTime%22%3A%222026-05-10%2006%3A58%3A44%22%2C%22isExtPowerSupply%22%3A1%2C%22externalVoltage%22%3A12.59%7D%5D&token=a12341234123
------------------------------------------------------------
[2026-05-10 07:09:07] PAYLOAD RECEIVED:
data_list=%5B%7B%22signalLevel%22%3A4%2C%22voltageLevel%22%3A-1%2C%22voltageValue%22%3A0.0%2C%22deviceImei%22%3A%22865478070011327%22%2C%22gateTime%22%3A%222026-05-10%2007%3A09%3A06%22%2C%22isExtPowerSupply%22%3A1%2C%22externalVoltage%22%3A12.59%7D%5D&token=a12341234123
------------------------------------------------------------
[2026-05-10 07:19:47] PAYLOAD RECEIVED:
data_list=%5B%7B%22signalLevel%22%3A4%2C%22voltageLevel%22%3A-1%2C%22voltageValue%22%3A0.0%2C%22deviceImei%22%3A%22865478070011327%22%2C%22gateTime%22%3A%222026-05-10%2007%3A19%3A46%22%2C%22isExtPowerSupply%22%3A1%2C%22externalVoltage%22%3A12.59%7D%2C%7B%22signalLevel%22%3A4%2C%22voltageLevel%22%3A-1%2C%22voltageValue%22%3A0.0%2C%22deviceImei%22%3A%22865478070011327%22%2C%22gateTime%22%3A%222026-05-10%2007%3A19%3A46%22%2C%22isExtPowerSupply%22%3A1%2C%22externalVoltage%22%3A12.59%7D%5D&token=a12341234123
------------------------------------------------------------
[2026-05-10 07:30:32] PAYLOAD RECEIVED:
data_list=%5B%7B%22signalLevel%22%3A4%2C%22voltageLevel%22%3A-1%2C%22voltageValue%22%3A0.0%2C%22deviceImei%22%3A%22865478070011327%22%2C%22gateTime%22%3A%222026-05-10%2007%3A30%3A27%22%2C%22isExtPowerSupply%22%3A1%2C%22externalVoltage%22%3A12.61%7D%2C%7B%22signalLevel%22%3A4%2C%22voltageLevel%22%3A-1%2C%22voltageValue%22%3A0.0%2C%22deviceImei%22%3A%22865478070011327%22%2C%22gateTime%22%3A%222026-05-10%2007%3A30%3A27%22%2C%22isExtPowerSupply%22%3A1%2C%22externalVoltage%22%3A12.61%7D%5D&token=a12341234123
------------------------------------------------------------
[2026-05-10 07:40:52] PAYLOAD RECEIVED:
data_list=%5B%7B%22signalLevel%22%3A4%2C%22voltageLevel%22%3A-1%2C%22voltageValue%22%3A0.0%2C%22deviceImei%22%3A%22865478070011327%22%2C%22gateTime%22%3A%222026-05-10%2007%3A40%3A49%22%2C%22isExtPowerSupply%22%3A1%2C%22externalVoltage%22%3A12.59%7D%5D&token=a12341234123
------------------------------------------------------------
[2026-05-10 07:51:32] PAYLOAD RECEIVED:
data_list=%5B%7B%22signalLevel%22%3A4%2C%22voltageLevel%22%3A-1%2C%22voltageValue%22%3A0.0%2C%22deviceImei%22%3A%22865478070011327%22%2C%22gateTime%22%3A%222026-05-10%2007%3A51%3A29%22%2C%22isExtPowerSupply%22%3A1%2C%22externalVoltage%22%3A12.59%7D%2C%7B%22signalLevel%22%3A4%2C%22voltageLevel%22%3A-1%2C%22voltageValue%22%3A0.0%2C%22deviceImei%22%3A%22865478070011327%22%2C%22gateTime%22%3A%222026-05-10%2007%3A51%3A29%22%2C%22isExtPowerSupply%22%3A1%2C%22externalVoltage%22%3A12.59%7D%5D&token=a12341234123
------------------------------------------------------------
[2026-05-10 08:01:52] PAYLOAD RECEIVED:
data_list=%5B%7B%22signalLevel%22%3A4%2C%22voltageLevel%22%3A-1%2C%22voltageValue%22%3A0.0%2C%22deviceImei%22%3A%22865478070011327%22%2C%22gateTime%22%3A%222026-05-10%2008%3A01%3A51%22%2C%22isExtPowerSupply%22%3A1%2C%22externalVoltage%22%3A12.57%7D%5D&token=a12341234123
------------------------------------------------------------
[2026-05-10 08:12:17] PAYLOAD RECEIVED:
data_list=%5B%7B%22signalLevel%22%3A4%2C%22voltageLevel%22%3A-1%2C%22voltageValue%22%3A0.0%2C%22deviceImei%22%3A%22865478070011327%22%2C%22gateTime%22%3A%222026-05-10%2008%3A12%3A13%22%2C%22isExtPowerSupply%22%3A1%2C%22externalVoltage%22%3A12.59%7D%5D&token=a12341234123
------------------------------------------------------------
[2026-05-10 08:22:37] PAYLOAD RECEIVED:
data_list=%5B%7B%22signalLevel%22%3A4%2C%22voltageLevel%22%3A-1%2C%22voltageValue%22%3A0.0%2C%22deviceImei%22%3A%22865478070011327%22%2C%22gateTime%22%3A%222026-05-10%2008%3A22%3A35%22%2C%22isExtPowerSupply%22%3A1%2C%22externalVoltage%22%3A12.57%7D%5D&token=a12341234123
------------------------------------------------------------
[2026-05-10 08:33:02] PAYLOAD RECEIVED:
data_list=%5B%7B%22signalLevel%22%3A4%2C%22voltageLevel%22%3A-1%2C%22voltageValue%22%3A0.0%2C%22deviceImei%22%3A%22865478070011327%22%2C%22gateTime%22%3A%222026-05-10%2008%3A32%3A57%22%2C%22isExtPowerSupply%22%3A1%2C%22externalVoltage%22%3A12.54%7D%5D&token=a12341234123
------------------------------------------------------------
[2026-05-10 08:43:42] PAYLOAD RECEIVED:
data_list=%5B%7B%22signalLevel%22%3A4%2C%22voltageLevel%22%3A-1%2C%22voltageValue%22%3A0.0%2C%22deviceImei%22%3A%22865478070011327%22%2C%22gateTime%22%3A%222026-05-10%2008%3A43%3A38%22%2C%22isExtPowerSupply%22%3A1%2C%22externalVoltage%22%3A12.57%7D%2C%7B%22signalLevel%22%3A4%2C%22voltageLevel%22%3A-1%2C%22voltageValue%22%3A0.0%2C%22deviceImei%22%3A%22865478070011327%22%2C%22gateTime%22%3A%222026-05-10%2008%3A43%3A38%22%2C%22isExtPowerSupply%22%3A1%2C%22externalVoltage%22%3A12.57%7D%2C%7B%22signalLevel%22%3A4%2C%22voltageLevel%22%3A-1%2C%22voltageValue%22%3A0.0%2C%22deviceImei%22%3A%22865478070011327%22%2C%22gateTime%22%3A%222026-05-10%2008%3A43%3A40%22%2C%22isExtPowerSupply%22%3A1%2C%22externalVoltage%22%3A12.57%7D%5D&token=a12341234123
------------------------------------------------------------
[2026-05-10 08:46:17] PAYLOAD RECEIVED:
data_list=%5B%7B%22signalLevel%22%3A4%2C%22voltageLevel%22%3A-1%2C%22voltageValue%22%3A0.0%2C%22deviceImei%22%3A%22865478070011327%22%2C%22gateTime%22%3A%222026-05-10%2008%3A46%3A14%22%2C%22isExtPowerSupply%22%3A1%2C%22externalVoltage%22%3A12.57%7D%5D&token=a12341234123
------------------------------------------------------------
[2026-05-10 08:56:57] PAYLOAD RECEIVED:
data_list=%5B%7B%22signalLevel%22%3A4%2C%22voltageLevel%22%3A-1%2C%22voltageValue%22%3A0.0%2C%22deviceImei%22%3A%22865478070011327%22%2C%22gateTime%22%3A%222026-05-10%2008%3A56%3A54%22%2C%22isExtPowerSupply%22%3A1%2C%22externalVoltage%22%3A12.59%7D%2C%7B%22signalLevel%22%3A4%2C%22voltageLevel%22%3A-1%2C%22voltageValue%22%3A0.0%2C%22deviceImei%22%3A%22865478070011327%22%2C%22gateTime%22%3A%222026-05-10%2008%3A56%3A54%22%2C%22isExtPowerSupply%22%3A1%2C%22externalVoltage%22%3A12.59%7D%5D&token=a12341234123
------------------------------------------------------------
[2026-05-10 09:07:18] PAYLOAD RECEIVED:
data_list=%5B%7B%22signalLevel%22%3A4%2C%22voltageLevel%22%3A-1%2C%22voltageValue%22%3A0.0%2C%22deviceImei%22%3A%22865478070011327%22%2C%22gateTime%22%3A%222026-05-10%2009%3A07%3A16%22%2C%22isExtPowerSupply%22%3A1%2C%22externalVoltage%22%3A12.57%7D%5D&token=a12341234123
------------------------------------------------------------
[2026-05-10 09:18:13] PAYLOAD RECEIVED:
data_list=%5B%7B%22signalLevel%22%3A4%2C%22voltageLevel%22%3A-1%2C%22voltageValue%22%3A0.0%2C%22deviceImei%22%3A%22865478070011327%22%2C%22gateTime%22%3A%222026-05-10%2009%3A18%3A09%22%2C%22isExtPowerSupply%22%3A1%2C%22externalVoltage%22%3A12.54%7D%5D&token=a12341234123
------------------------------------------------------------
[2026-05-10 09:28:33] PAYLOAD RECEIVED:
data_list=%5B%7B%22signalLevel%22%3A4%2C%22voltageLevel%22%3A-1%2C%22voltageValue%22%3A0.0%2C%22deviceImei%22%3A%22865478070011327%22%2C%22gateTime%22%3A%222026-05-10%2009%3A28%3A31%22%2C%22isExtPowerSupply%22%3A1%2C%22externalVoltage%22%3A12.59%7D%5D&token=a12341234123
------------------------------------------------------------
[2026-05-10 09:39:13] PAYLOAD RECEIVED:
data_list=%5B%7B%22signalLevel%22%3A4%2C%22voltageLevel%22%3A-1%2C%22voltageValue%22%3A0.0%2C%22deviceImei%22%3A%22865478070011327%22%2C%22gateTime%22%3A%222026-05-10%2009%3A39%3A11%22%2C%22isExtPowerSupply%22%3A1%2C%22externalVoltage%22%3A12.57%7D%2C%7B%22signalLevel%22%3A4%2C%22voltageLevel%22%3A-1%2C%22voltageValue%22%3A0.0%2C%22deviceImei%22%3A%22865478070011327%22%2C%22gateTime%22%3A%222026-05-10%2009%3A39%3A11%22%2C%22isExtPowerSupply%22%3A1%2C%22externalVoltage%22%3A12.57%7D%5D&token=a12341234123
------------------------------------------------------------
[2026-05-10 09:49:38] PAYLOAD RECEIVED:
data_list=%5B%7B%22signalLevel%22%3A4%2C%22voltageLevel%22%3A-1%2C%22voltageValue%22%3A0.0%2C%22deviceImei%22%3A%22865478070011327%22%2C%22gateTime%22%3A%222026-05-10%2009%3A49%3A33%22%2C%22isExtPowerSupply%22%3A1%2C%22externalVoltage%22%3A12.54%7D%5D&token=a12341234123
------------------------------------------------------------
[2026-05-10 09:59:58] PAYLOAD RECEIVED:
data_list=%5B%7B%22signalLevel%22%3A4%2C%22voltageLevel%22%3A-1%2C%22voltageValue%22%3A0.0%2C%22deviceImei%22%3A%22865478070011327%22%2C%22gateTime%22%3A%222026-05-10%2009%3A59%3A55%22%2C%22isExtPowerSupply%22%3A1%2C%22externalVoltage%22%3A12.57%7D%5D&token=a12341234123
------------------------------------------------------------
[2026-05-10 10:10:23] PAYLOAD RECEIVED:
data_list=%5B%7B%22signalLevel%22%3A4%2C%22voltageLevel%22%3A-1%2C%22voltageValue%22%3A0.0%2C%22deviceImei%22%3A%22865478070011327%22%2C%22gateTime%22%3A%222026-05-10%2010%3A10%3A17%22%2C%22isExtPowerSupply%22%3A1%2C%22externalVoltage%22%3A12.54%7D%5D&token=a12341234123
------------------------------------------------------------
[2026-05-10 10:20:43] PAYLOAD RECEIVED:
data_list=%5B%7B%22signalLevel%22%3A4%2C%22voltageLevel%22%3A-1%2C%22voltageValue%22%3A0.0%2C%22deviceImei%22%3A%22865478070011327%22%2C%22gateTime%22%3A%222026-05-10%2010%3A20%3A39%22%2C%22isExtPowerSupply%22%3A1%2C%22externalVoltage%22%3A12.54%7D%5D&token=a12341234123
------------------------------------------------------------
[2026-05-10 10:31:23] PAYLOAD RECEIVED:
data_list=%5B%7B%22signalLevel%22%3A4%2C%22voltageLevel%22%3A-1%2C%22voltageValue%22%3A0.0%2C%22deviceImei%22%3A%22865478070011327%22%2C%22gateTime%22%3A%222026-05-10%2010%3A31%3A20%22%2C%22isExtPowerSupply%22%3A1%2C%22externalVoltage%22%3A12.57%7D%2C%7B%22signalLevel%22%3A4%2C%22voltageLevel%22%3A-1%2C%22voltageValue%22%3A0.0%2C%22deviceImei%22%3A%22865478070011327%22%2C%22gateTime%22%3A%222026-05-10%2010%3A31%3A20%22%2C%22isExtPowerSupply%22%3A1%2C%22externalVoltage%22%3A12.57%7D%5D&token=a12341234123
------------------------------------------------------------
[2026-05-10 10:41:43] PAYLOAD RECEIVED:
data_list=%5B%7B%22signalLevel%22%3A4%2C%22voltageLevel%22%3A-1%2C%22voltageValue%22%3A0.0%2C%22deviceImei%22%3A%22865478070011327%22%2C%22gateTime%22%3A%222026-05-10%2010%3A41%3A42%22%2C%22isExtPowerSupply%22%3A1%2C%22externalVoltage%22%3A12.57%7D%5D&token=a12341234123
------------------------------------------------------------
[2026-05-10 10:52:08] PAYLOAD RECEIVED:
data_list=%5B%7B%22signalLevel%22%3A4%2C%22voltageLevel%22%3A-1%2C%22voltageValue%22%3A0.0%2C%22deviceImei%22%3A%22865478070011327%22%2C%22gateTime%22%3A%222026-05-10%2010%3A52%3A04%22%2C%22isExtPowerSupply%22%3A1%2C%22externalVoltage%22%3A12.54%7D%5D&token=a12341234123
------------------------------------------------------------
[2026-05-10 11:02:28] PAYLOAD RECEIVED:
data_list=%5B%7B%22signalLevel%22%3A4%2C%22voltageLevel%22%3A-1%2C%22voltageValue%22%3A0.0%2C%22deviceImei%22%3A%22865478070011327%22%2C%22gateTime%22%3A%222026-05-10%2011%3A02%3A26%22%2C%22isExtPowerSupply%22%3A1%2C%22externalVoltage%22%3A12.54%7D%5D&token=a12341234123
------------------------------------------------------------
[2026-05-10 11:12:53] PAYLOAD RECEIVED:
data_list=%5B%7B%22signalLevel%22%3A4%2C%22voltageLevel%22%3A-1%2C%22voltageValue%22%3A0.0%2C%22deviceImei%22%3A%22865478070011327%22%2C%22gateTime%22%3A%222026-05-10%2011%3A12%3A48%22%2C%22isExtPowerSupply%22%3A1%2C%22externalVoltage%22%3A12.57%7D%5D&token=a12341234123
------------------------------------------------------------
[2026-05-10 11:23:13] PAYLOAD RECEIVED:
data_list=%5B%7B%22signalLevel%22%3A4%2C%22voltageLevel%22%3A-1%2C%22voltageValue%22%3A0.0%2C%22deviceImei%22%3A%22865478070011327%22%2C%22gateTime%22%3A%222026-05-10%2011%3A23%3A10%22%2C%22isExtPowerSupply%22%3A1%2C%22externalVoltage%22%3A12.52%7D%5D&token=a12341234123
------------------------------------------------------------
[2026-05-10 11:33:38] PAYLOAD RECEIVED:
data_list=%5B%7B%22signalLevel%22%3A4%2C%22voltageLevel%22%3A-1%2C%22voltageValue%22%3A0.0%2C%22deviceImei%22%3A%22865478070011327%22%2C%22gateTime%22%3A%222026-05-10%2011%3A33%3A32%22%2C%22isExtPowerSupply%22%3A1%2C%22externalVoltage%22%3A12.52%7D%5D&token=a12341234123
------------------------------------------------------------
[2026-05-10 11:43:58] PAYLOAD RECEIVED:
data_list=%5B%7B%22signalLevel%22%3A4%2C%22voltageLevel%22%3A-1%2C%22voltageValue%22%3A0.0%2C%22deviceImei%22%3A%22865478070011327%22%2C%22gateTime%22%3A%222026-05-10%2011%3A43%3A54%22%2C%22isExtPowerSupply%22%3A1%2C%22externalVoltage%22%3A12.54%7D%5D&token=a12341234123
------------------------------------------------------------
[2026-05-10 11:54:18] PAYLOAD RECEIVED:
data_list=%5B%7B%22signalLevel%22%3A4%2C%22voltageLevel%22%3A-1%2C%22voltageValue%22%3A0.0%2C%22deviceImei%22%3A%22865478070011327%22%2C%22gateTime%22%3A%222026-05-10%2011%3A54%3A16%22%2C%22isExtPowerSupply%22%3A1%2C%22externalVoltage%22%3A12.52%7D%5D&token=a12341234123
------------------------------------------------------------
[2026-05-10 12:04:58] PAYLOAD RECEIVED:
data_list=%5B%7B%22signalLevel%22%3A4%2C%22voltageLevel%22%3A-1%2C%22voltageValue%22%3A0.0%2C%22deviceImei%22%3A%22865478070011327%22%2C%22gateTime%22%3A%222026-05-10%2012%3A04%3A56%22%2C%22isExtPowerSupply%22%3A1%2C%22externalVoltage%22%3A12.52%7D%2C%7B%22signalLevel%22%3A4%2C%22voltageLevel%22%3A-1%2C%22voltageValue%22%3A0.0%2C%22deviceImei%22%3A%22865478070011327%22%2C%22gateTime%22%3A%222026-05-10%2012%3A04%3A56%22%2C%22isExtPowerSupply%22%3A1%2C%22externalVoltage%22%3A12.52%7D%5D&token=a12341234123
------------------------------------------------------------
[2026-05-10 13:03:48] PAYLOAD RECEIVED:
data_list=%5B%7B%22signalLevel%22%3A4%2C%22voltageLevel%22%3A-1%2C%22voltageValue%22%3A0.0%2C%22deviceImei%22%3A%22865478070011327%22%2C%22gateTime%22%3A%222026-05-10%2013%3A03%3A46%22%2C%22isExtPowerSupply%22%3A1%2C%22externalVoltage%22%3A12.43%7D%5D&token=a12341234123
------------------------------------------------------------
[2026-05-10 13:14:28] PAYLOAD RECEIVED:
data_list=%5B%7B%22signalLevel%22%3A4%2C%22voltageLevel%22%3A-1%2C%22voltageValue%22%3A0.0%2C%22deviceImei%22%3A%22865478070011327%22%2C%22gateTime%22%3A%222026-05-10%2013%3A14%3A26%22%2C%22isExtPowerSupply%22%3A1%2C%22externalVoltage%22%3A12.54%7D%2C%7B%22signalLevel%22%3A4%2C%22voltageLevel%22%3A-1%2C%22voltageValue%22%3A0.0%2C%22deviceImei%22%3A%22865478070011327%22%2C%22gateTime%22%3A%222026-05-10%2013%3A14%3A26%22%2C%22isExtPowerSupply%22%3A1%2C%22externalVoltage%22%3A12.54%7D%5D&token=a12341234123
------------------------------------------------------------
[2026-05-10 13:24:53] PAYLOAD RECEIVED:
data_list=%5B%7B%22signalLevel%22%3A4%2C%22voltageLevel%22%3A-1%2C%22voltageValue%22%3A0.0%2C%22deviceImei%22%3A%22865478070011327%22%2C%22gateTime%22%3A%222026-05-10%2013%3A24%3A48%22%2C%22isExtPowerSupply%22%3A1%2C%22externalVoltage%22%3A12.54%7D%5D&token=a12341234123
------------------------------------------------------------
[2026-05-10 13:35:13] PAYLOAD RECEIVED:
data_list=%5B%7B%22signalLevel%22%3A4%2C%22voltageLevel%22%3A-1%2C%22voltageValue%22%3A0.0%2C%22deviceImei%22%3A%22865478070011327%22%2C%22gateTime%22%3A%222026-05-10%2013%3A35%3A11%22%2C%22isExtPowerSupply%22%3A1%2C%22externalVoltage%22%3A12.52%7D%5D&token=a12341234123
------------------------------------------------------------
[2026-05-10 13:45:38] PAYLOAD RECEIVED:
data_list=%5B%7B%22signalLevel%22%3A4%2C%22voltageLevel%22%3A-1%2C%22voltageValue%22%3A0.0%2C%22deviceImei%22%3A%22865478070011327%22%2C%22gateTime%22%3A%222026-05-10%2013%3A45%3A33%22%2C%22isExtPowerSupply%22%3A1%2C%22externalVoltage%22%3A12.57%7D%5D&token=a12341234123
------------------------------------------------------------
[2026-05-10 13:46:03] PAYLOAD RECEIVED:
data_list=%5B%7B%22signalLevel%22%3A4%2C%22voltageLevel%22%3A-1%2C%22voltageValue%22%3A0.0%2C%22deviceImei%22%3A%22865478070011327%22%2C%22gateTime%22%3A%222026-05-10%2013%3A46%3A00%22%2C%22isExtPowerSupply%22%3A1%2C%22externalVoltage%22%3A12.54%7D%5D&token=a12341234123
------------------------------------------------------------
[2026-05-10 13:56:28] PAYLOAD RECEIVED:
data_list=%5B%7B%22signalLevel%22%3A4%2C%22voltageLevel%22%3A-1%2C%22voltageValue%22%3A0.0%2C%22deviceImei%22%3A%22865478070011327%22%2C%22gateTime%22%3A%222026-05-10%2013%3A56%3A22%22%2C%22isExtPowerSupply%22%3A1%2C%22externalVoltage%22%3A12.54%7D%5D&token=a12341234123
------------------------------------------------------------
[2026-05-10 14:06:48] PAYLOAD RECEIVED:
data_list=%5B%7B%22signalLevel%22%3A4%2C%22voltageLevel%22%3A-1%2C%22voltageValue%22%3A0.0%2C%22deviceImei%22%3A%22865478070011327%22%2C%22gateTime%22%3A%222026-05-10%2014%3A06%3A44%22%2C%22isExtPowerSupply%22%3A1%2C%22externalVoltage%22%3A12.52%7D%5D&token=a12341234123
------------------------------------------------------------
[2026-05-10 14:17:08] PAYLOAD RECEIVED:
data_list=%5B%7B%22signalLevel%22%3A4%2C%22voltageLevel%22%3A-1%2C%22voltageValue%22%3A0.0%2C%22deviceImei%22%3A%22865478070011327%22%2C%22gateTime%22%3A%222026-05-10%2014%3A17%3A06%22%2C%22isExtPowerSupply%22%3A1%2C%22externalVoltage%22%3A12.54%7D%5D&token=a12341234123
------------------------------------------------------------
[2026-05-10 14:27:33] PAYLOAD RECEIVED:
data_list=%5B%7B%22signalLevel%22%3A4%2C%22voltageLevel%22%3A-1%2C%22voltageValue%22%3A0.0%2C%22deviceImei%22%3A%22865478070011327%22%2C%22gateTime%22%3A%222026-05-10%2014%3A27%3A29%22%2C%22isExtPowerSupply%22%3A1%2C%22externalVoltage%22%3A12.54%7D%5D&token=a12341234123
------------------------------------------------------------
[2026-05-10 14:37:53] PAYLOAD RECEIVED:
data_list=%5B%7B%22signalLevel%22%3A4%2C%22voltageLevel%22%3A-1%2C%22voltageValue%22%3A0.0%2C%22deviceImei%22%3A%22865478070011327%22%2C%22gateTime%22%3A%222026-05-10%2014%3A37%3A51%22%2C%22isExtPowerSupply%22%3A1%2C%22externalVoltage%22%3A12.54%7D%5D&token=a12341234123
------------------------------------------------------------
[2026-05-10 14:48:18] PAYLOAD RECEIVED:
data_list=%5B%7B%22signalLevel%22%3A4%2C%22voltageLevel%22%3A-1%2C%22voltageValue%22%3A0.0%2C%22deviceImei%22%3A%22865478070011327%22%2C%22gateTime%22%3A%222026-05-10%2014%3A48%3A16%22%2C%22isExtPowerSupply%22%3A1%2C%22externalVoltage%22%3A12.54%7D%5D&token=a12341234123
------------------------------------------------------------
[2026-05-10 14:58:43] PAYLOAD RECEIVED:
data_list=%5B%7B%22signalLevel%22%3A4%2C%22voltageLevel%22%3A-1%2C%22voltageValue%22%3A0.0%2C%22deviceImei%22%3A%22865478070011327%22%2C%22gateTime%22%3A%222026-05-10%2014%3A58%3A39%22%2C%22isExtPowerSupply%22%3A1%2C%22externalVoltage%22%3A12.54%7D%5D&token=a12341234123
------------------------------------------------------------
[2026-05-10 15:09:03] PAYLOAD RECEIVED:
data_list=%5B%7B%22signalLevel%22%3A4%2C%22voltageLevel%22%3A-1%2C%22voltageValue%22%3A0.0%2C%22deviceImei%22%3A%22865478070011327%22%2C%22gateTime%22%3A%222026-05-10%2015%3A09%3A01%22%2C%22isExtPowerSupply%22%3A1%2C%22externalVoltage%22%3A12.52%7D%5D&token=a12341234123
------------------------------------------------------------
[2026-05-10 15:19:28] PAYLOAD RECEIVED:
data_list=%5B%7B%22signalLevel%22%3A4%2C%22voltageLevel%22%3A-1%2C%22voltageValue%22%3A0.0%2C%22deviceImei%22%3A%22865478070011327%22%2C%22gateTime%22%3A%222026-05-10%2015%3A19%3A23%22%2C%22isExtPowerSupply%22%3A1%2C%22externalVoltage%22%3A12.54%7D%5D&token=a12341234123
------------------------------------------------------------
[2026-05-10 15:29:48] PAYLOAD RECEIVED:
data_list=%5B%7B%22signalLevel%22%3A4%2C%22voltageLevel%22%3A-1%2C%22voltageValue%22%3A0.0%2C%22deviceImei%22%3A%22865478070011327%22%2C%22gateTime%22%3A%222026-05-10%2015%3A29%3A45%22%2C%22isExtPowerSupply%22%3A1%2C%22externalVoltage%22%3A12.54%7D%5D&token=a12341234123
------------------------------------------------------------
[2026-05-10 15:40:08] PAYLOAD RECEIVED:
data_list=%5B%7B%22signalLevel%22%3A4%2C%22voltageLevel%22%3A-1%2C%22voltageValue%22%3A0.0%2C%22deviceImei%22%3A%22865478070011327%22%2C%22gateTime%22%3A%222026-05-10%2015%3A40%3A07%22%2C%22isExtPowerSupply%22%3A1%2C%22externalVoltage%22%3A12.54%7D%5D&token=a12341234123
------------------------------------------------------------
[2026-05-10 15:50:33] PAYLOAD RECEIVED:
data_list=%5B%7B%22signalLevel%22%3A4%2C%22voltageLevel%22%3A-1%2C%22voltageValue%22%3A0.0%2C%22deviceImei%22%3A%22865478070011327%22%2C%22gateTime%22%3A%222026-05-10%2015%3A50%3A29%22%2C%22isExtPowerSupply%22%3A1%2C%22externalVoltage%22%3A12.54%7D%5D&token=a12341234123
------------------------------------------------------------
[2026-05-10 16:00:53] PAYLOAD RECEIVED:
data_list=%5B%7B%22signalLevel%22%3A4%2C%22voltageLevel%22%3A-1%2C%22voltageValue%22%3A0.0%2C%22deviceImei%22%3A%22865478070011327%22%2C%22gateTime%22%3A%222026-05-10%2016%3A00%3A51%22%2C%22isExtPowerSupply%22%3A1%2C%22externalVoltage%22%3A12.54%7D%5D&token=a12341234123
------------------------------------------------------------
[2026-05-10 16:11:18] PAYLOAD RECEIVED:
data_list=%5B%7B%22signalLevel%22%3A4%2C%22voltageLevel%22%3A-1%2C%22voltageValue%22%3A0.0%2C%22deviceImei%22%3A%22865478070011327%22%2C%22gateTime%22%3A%222026-05-10%2016%3A11%3A13%22%2C%22isExtPowerSupply%22%3A1%2C%22externalVoltage%22%3A12.52%7D%5D&token=a12341234123
------------------------------------------------------------
[2026-05-10 16:21:38] PAYLOAD RECEIVED:
data_list=%5B%7B%22signalLevel%22%3A4%2C%22voltageLevel%22%3A-1%2C%22voltageValue%22%3A0.0%2C%22deviceImei%22%3A%22865478070011327%22%2C%22gateTime%22%3A%222026-05-10%2016%3A21%3A35%22%2C%22isExtPowerSupply%22%3A1%2C%22externalVoltage%22%3A12.52%7D%5D&token=a12341234123
------------------------------------------------------------
[2026-05-10 16:32:03] PAYLOAD RECEIVED:
data_list=%5B%7B%22signalLevel%22%3A4%2C%22voltageLevel%22%3A-1%2C%22voltageValue%22%3A0.0%2C%22deviceImei%22%3A%22865478070011327%22%2C%22gateTime%22%3A%222026-05-10%2016%3A31%3A57%22%2C%22isExtPowerSupply%22%3A1%2C%22externalVoltage%22%3A12.52%7D%5D&token=a12341234123
------------------------------------------------------------
[2026-05-10 16:42:23] PAYLOAD RECEIVED:
data_list=%5B%7B%22signalLevel%22%3A4%2C%22voltageLevel%22%3A-1%2C%22voltageValue%22%3A0.0%2C%22deviceImei%22%3A%22865478070011327%22%2C%22gateTime%22%3A%222026-05-10%2016%3A42%3A19%22%2C%22isExtPowerSupply%22%3A1%2C%22externalVoltage%22%3A12.52%7D%5D&token=a12341234123
------------------------------------------------------------
[2026-05-10 16:52:43] PAYLOAD RECEIVED:
data_list=%5B%7B%22signalLevel%22%3A4%2C%22voltageLevel%22%3A-1%2C%22voltageValue%22%3A0.0%2C%22deviceImei%22%3A%22865478070011327%22%2C%22gateTime%22%3A%222026-05-10%2016%3A52%3A41%22%2C%22isExtPowerSupply%22%3A1%2C%22externalVoltage%22%3A12.52%7D%5D&token=a12341234123
------------------------------------------------------------
[2026-05-10 17:03:08] PAYLOAD RECEIVED:
data_list=%5B%7B%22signalLevel%22%3A4%2C%22voltageLevel%22%3A-1%2C%22voltageValue%22%3A0.0%2C%22deviceImei%22%3A%22865478070011327%22%2C%22gateTime%22%3A%222026-05-10%2017%3A03%3A03%22%2C%22isExtPowerSupply%22%3A1%2C%22externalVoltage%22%3A12.54%7D%5D&token=a12341234123
------------------------------------------------------------
[2026-05-10 17:13:28] PAYLOAD RECEIVED:
data_list=%5B%7B%22signalLevel%22%3A4%2C%22voltageLevel%22%3A-1%2C%22voltageValue%22%3A0.0%2C%22deviceImei%22%3A%22865478070011327%22%2C%22gateTime%22%3A%222026-05-10%2017%3A13%3A26%22%2C%22isExtPowerSupply%22%3A1%2C%22externalVoltage%22%3A12.52%7D%5D&token=a12341234123
------------------------------------------------------------
[2026-05-10 17:23:53] PAYLOAD RECEIVED:
data_list=%5B%7B%22signalLevel%22%3A4%2C%22voltageLevel%22%3A-1%2C%22voltageValue%22%3A0.0%2C%22deviceImei%22%3A%22865478070011327%22%2C%22gateTime%22%3A%222026-05-10%2017%3A23%3A48%22%2C%22isExtPowerSupply%22%3A1%2C%22externalVoltage%22%3A12.54%7D%5D&token=a12341234123
------------------------------------------------------------
[2026-05-10 17:34:13] PAYLOAD RECEIVED:
data_list=%5B%7B%22signalLevel%22%3A4%2C%22voltageLevel%22%3A-1%2C%22voltageValue%22%3A0.0%2C%22deviceImei%22%3A%22865478070011327%22%2C%22gateTime%22%3A%222026-05-10%2017%3A34%3A10%22%2C%22isExtPowerSupply%22%3A1%2C%22externalVoltage%22%3A12.52%7D%5D&token=a12341234123
------------------------------------------------------------
[2026-05-10 17:44:33] PAYLOAD RECEIVED:
data_list=%5B%7B%22signalLevel%22%3A4%2C%22voltageLevel%22%3A-1%2C%22voltageValue%22%3A0.0%2C%22deviceImei%22%3A%22865478070011327%22%2C%22gateTime%22%3A%222026-05-10%2017%3A44%3A32%22%2C%22isExtPowerSupply%22%3A1%2C%22externalVoltage%22%3A12.52%7D%5D&token=a12341234123
------------------------------------------------------------
[2026-05-10 17:54:58] PAYLOAD RECEIVED:
data_list=%5B%7B%22signalLevel%22%3A4%2C%22voltageLevel%22%3A-1%2C%22voltageValue%22%3A0.0%2C%22deviceImei%22%3A%22865478070011327%22%2C%22gateTime%22%3A%222026-05-10%2017%3A54%3A54%22%2C%22isExtPowerSupply%22%3A1%2C%22externalVoltage%22%3A12.54%7D%5D&token=a12341234123
------------------------------------------------------------
[2026-05-10 18:05:18] PAYLOAD RECEIVED:
data_list=%5B%7B%22signalLevel%22%3A4%2C%22voltageLevel%22%3A-1%2C%22voltageValue%22%3A0.0%2C%22deviceImei%22%3A%22865478070011327%22%2C%22gateTime%22%3A%222026-05-10%2018%3A05%3A16%22%2C%22isExtPowerSupply%22%3A1%2C%22externalVoltage%22%3A12.52%7D%5D&token=a12341234123
------------------------------------------------------------
[2026-05-10 18:15:43] PAYLOAD RECEIVED:
data_list=%5B%7B%22signalLevel%22%3A4%2C%22voltageLevel%22%3A-1%2C%22voltageValue%22%3A0.0%2C%22deviceImei%22%3A%22865478070011327%22%2C%22gateTime%22%3A%222026-05-10%2018%3A15%3A37%22%2C%22isExtPowerSupply%22%3A1%2C%22externalVoltage%22%3A12.54%7D%5D&token=a12341234123
------------------------------------------------------------
[2026-05-10 18:26:03] PAYLOAD RECEIVED:
data_list=%5B%7B%22signalLevel%22%3A4%2C%22voltageLevel%22%3A-1%2C%22voltageValue%22%3A0.0%2C%22deviceImei%22%3A%22865478070011327%22%2C%22gateTime%22%3A%222026-05-10%2018%3A26%3A00%22%2C%22isExtPowerSupply%22%3A1%2C%22externalVoltage%22%3A12.52%7D%5D&token=a12341234123
------------------------------------------------------------
[2026-05-10 18:36:28] PAYLOAD RECEIVED:
data_list=%5B%7B%22signalLevel%22%3A4%2C%22voltageLevel%22%3A-1%2C%22voltageValue%22%3A0.0%2C%22deviceImei%22%3A%22865478070011327%22%2C%22gateTime%22%3A%222026-05-10%2018%3A36%3A22%22%2C%22isExtPowerSupply%22%3A1%2C%22externalVoltage%22%3A12.52%7D%5D&token=a12341234123
------------------------------------------------------------
[2026-05-10 18:46:48] PAYLOAD RECEIVED:
data_list=%5B%7B%22signalLevel%22%3A4%2C%22voltageLevel%22%3A-1%2C%22voltageValue%22%3A0.0%2C%22deviceImei%22%3A%22865478070011327%22%2C%22gateTime%22%3A%222026-05-10%2018%3A46%3A44%22%2C%22isExtPowerSupply%22%3A1%2C%22externalVoltage%22%3A12.52%7D%5D&token=a12341234123
------------------------------------------------------------
[2026-05-10 19:27:18] PAYLOAD RECEIVED:
data_list=%5B%7B%22signalLevel%22%3A4%2C%22voltageLevel%22%3A-1%2C%22voltageValue%22%3A0.0%2C%22deviceImei%22%3A%22865478070011327%22%2C%22gateTime%22%3A%222026-05-10%2019%3A27%3A14%22%2C%22isExtPowerSupply%22%3A1%2C%22externalVoltage%22%3A12.43%7D%5D&token=a12341234123
------------------------------------------------------------
[2026-05-10 19:37:38] PAYLOAD RECEIVED:
data_list=%5B%7B%22signalLevel%22%3A4%2C%22voltageLevel%22%3A-1%2C%22voltageValue%22%3A0.0%2C%22deviceImei%22%3A%22865478070011327%22%2C%22gateTime%22%3A%222026-05-10%2019%3A37%3A36%22%2C%22isExtPowerSupply%22%3A1%2C%22externalVoltage%22%3A12.5%7D%5D&token=a12341234123
------------------------------------------------------------
[2026-05-10 19:48:03] PAYLOAD RECEIVED:
data_list=%5B%7B%22signalLevel%22%3A4%2C%22voltageLevel%22%3A-1%2C%22voltageValue%22%3A0.0%2C%22deviceImei%22%3A%22865478070011327%22%2C%22gateTime%22%3A%222026-05-10%2019%3A47%3A58%22%2C%22isExtPowerSupply%22%3A1%2C%22externalVoltage%22%3A12.52%7D%5D&token=a12341234123
------------------------------------------------------------
[2026-05-10 19:58:23] PAYLOAD RECEIVED:
data_list=%5B%7B%22signalLevel%22%3A4%2C%22voltageLevel%22%3A-1%2C%22voltageValue%22%3A0.0%2C%22deviceImei%22%3A%22865478070011327%22%2C%22gateTime%22%3A%222026-05-10%2019%3A58%3A20%22%2C%22isExtPowerSupply%22%3A1%2C%22externalVoltage%22%3A12.52%7D%5D&token=a12341234123
------------------------------------------------------------
[2026-05-10 20:08:43] PAYLOAD RECEIVED:
data_list=%5B%7B%22signalLevel%22%3A4%2C%22voltageLevel%22%3A-1%2C%22voltageValue%22%3A0.0%2C%22deviceImei%22%3A%22865478070011327%22%2C%22gateTime%22%3A%222026-05-10%2020%3A08%3A42%22%2C%22isExtPowerSupply%22%3A1%2C%22externalVoltage%22%3A12.52%7D%5D&token=a12341234123
------------------------------------------------------------
[2026-05-10 20:19:08] PAYLOAD RECEIVED:
data_list=%5B%7B%22signalLevel%22%3A4%2C%22voltageLevel%22%3A-1%2C%22voltageValue%22%3A0.0%2C%22deviceImei%22%3A%22865478070011327%22%2C%22gateTime%22%3A%222026-05-10%2020%3A19%3A04%22%2C%22isExtPowerSupply%22%3A1%2C%22externalVoltage%22%3A12.5%7D%5D&token=a12341234123
------------------------------------------------------------
[2026-05-10 20:29:28] PAYLOAD RECEIVED:
data_list=%5B%7B%22signalLevel%22%3A4%2C%22voltageLevel%22%3A-1%2C%22voltageValue%22%3A0.0%2C%22deviceImei%22%3A%22865478070011327%22%2C%22gateTime%22%3A%222026-05-10%2020%3A29%3A26%22%2C%22isExtPowerSupply%22%3A1%2C%22externalVoltage%22%3A12.52%7D%5D&token=a12341234123
------------------------------------------------------------
[2026-05-10 20:39:53] PAYLOAD RECEIVED:
data_list=%5B%7B%22signalLevel%22%3A4%2C%22voltageLevel%22%3A-1%2C%22voltageValue%22%3A0.0%2C%22deviceImei%22%3A%22865478070011327%22%2C%22gateTime%22%3A%222026-05-10%2020%3A39%3A48%22%2C%22isExtPowerSupply%22%3A1%2C%22externalVoltage%22%3A12.52%7D%5D&token=a12341234123
------------------------------------------------------------
[2026-05-10 20:50:13] PAYLOAD RECEIVED:
data_list=%5B%7B%22signalLevel%22%3A4%2C%22voltageLevel%22%3A-1%2C%22voltageValue%22%3A0.0%2C%22deviceImei%22%3A%22865478070011327%22%2C%22gateTime%22%3A%222026-05-10%2020%3A50%3A10%22%2C%22isExtPowerSupply%22%3A1%2C%22externalVoltage%22%3A12.5%7D%5D&token=a12341234123
------------------------------------------------------------
[2026-05-10 21:00:38] PAYLOAD RECEIVED:
data_list=%5B%7B%22signalLevel%22%3A4%2C%22voltageLevel%22%3A-1%2C%22voltageValue%22%3A0.0%2C%22deviceImei%22%3A%22865478070011327%22%2C%22gateTime%22%3A%222026-05-10%2021%3A00%3A32%22%2C%22isExtPowerSupply%22%3A1%2C%22externalVoltage%22%3A12.52%7D%5D&token=a12341234123
------------------------------------------------------------
[2026-05-10 21:10:58] PAYLOAD RECEIVED:
data_list=%5B%7B%22signalLevel%22%3A4%2C%22voltageLevel%22%3A-1%2C%22voltageValue%22%3A0.0%2C%22deviceImei%22%3A%22865478070011327%22%2C%22gateTime%22%3A%222026-05-10%2021%3A10%3A54%22%2C%22isExtPowerSupply%22%3A1%2C%22externalVoltage%22%3A12.52%7D%5D&token=a12341234123
------------------------------------------------------------
[2026-05-10 21:21:18] PAYLOAD RECEIVED:
data_list=%5B%7B%22signalLevel%22%3A4%2C%22voltageLevel%22%3A-1%2C%22voltageValue%22%3A0.0%2C%22deviceImei%22%3A%22865478070011327%22%2C%22gateTime%22%3A%222026-05-10%2021%3A21%3A17%22%2C%22isExtPowerSupply%22%3A1%2C%22externalVoltage%22%3A12.5%7D%5D&token=a12341234123
------------------------------------------------------------
[2026-05-10 21:31:43] PAYLOAD RECEIVED:
data_list=%5B%7B%22signalLevel%22%3A4%2C%22voltageLevel%22%3A-1%2C%22voltageValue%22%3A0.0%2C%22deviceImei%22%3A%22865478070011327%22%2C%22gateTime%22%3A%222026-05-10%2021%3A31%3A39%22%2C%22isExtPowerSupply%22%3A1%2C%22externalVoltage%22%3A12.52%7D%5D&token=a12341234123
------------------------------------------------------------
[2026-05-10 21:42:03] PAYLOAD RECEIVED:
data_list=%5B%7B%22signalLevel%22%3A4%2C%22voltageLevel%22%3A-1%2C%22voltageValue%22%3A0.0%2C%22deviceImei%22%3A%22865478070011327%22%2C%22gateTime%22%3A%222026-05-10%2021%3A42%3A01%22%2C%22isExtPowerSupply%22%3A1%2C%22externalVoltage%22%3A12.52%7D%5D&token=a12341234123
------------------------------------------------------------
[2026-05-10 21:52:28] PAYLOAD RECEIVED:
data_list=%5B%7B%22signalLevel%22%3A4%2C%22voltageLevel%22%3A-1%2C%22voltageValue%22%3A0.0%2C%22deviceImei%22%3A%22865478070011327%22%2C%22gateTime%22%3A%222026-05-10%2021%3A52%3A23%22%2C%22isExtPowerSupply%22%3A1%2C%22externalVoltage%22%3A12.5%7D%5D&token=a12341234123
------------------------------------------------------------
[2026-05-10 22:02:48] PAYLOAD RECEIVED:
data_list=%5B%7B%22signalLevel%22%3A4%2C%22voltageLevel%22%3A-1%2C%22voltageValue%22%3A0.0%2C%22deviceImei%22%3A%22865478070011327%22%2C%22gateTime%22%3A%222026-05-10%2022%3A02%3A45%22%2C%22isExtPowerSupply%22%3A1%2C%22externalVoltage%22%3A12.52%7D%5D&token=a12341234123
------------------------------------------------------------
[2026-05-10 22:13:08] PAYLOAD RECEIVED:
data_list=%5B%7B%22signalLevel%22%3A4%2C%22voltageLevel%22%3A-1%2C%22voltageValue%22%3A0.0%2C%22deviceImei%22%3A%22865478070011327%22%2C%22gateTime%22%3A%222026-05-10%2022%3A13%3A07%22%2C%22isExtPowerSupply%22%3A1%2C%22externalVoltage%22%3A12.5%7D%5D&token=a12341234123
------------------------------------------------------------
[2026-05-10 22:23:33] PAYLOAD RECEIVED:
data_list=%5B%7B%22signalLevel%22%3A4%2C%22voltageLevel%22%3A-1%2C%22voltageValue%22%3A0.0%2C%22deviceImei%22%3A%22865478070011327%22%2C%22gateTime%22%3A%222026-05-10%2022%3A23%3A29%22%2C%22isExtPowerSupply%22%3A1%2C%22externalVoltage%22%3A12.5%7D%5D&token=a12341234123
------------------------------------------------------------
[2026-05-10 22:33:53] PAYLOAD RECEIVED:
data_list=%5B%7B%22signalLevel%22%3A4%2C%22voltageLevel%22%3A-1%2C%22voltageValue%22%3A0.0%2C%22deviceImei%22%3A%22865478070011327%22%2C%22gateTime%22%3A%222026-05-10%2022%3A33%3A51%22%2C%22isExtPowerSupply%22%3A1%2C%22externalVoltage%22%3A12.52%7D%5D&token=a12341234123
------------------------------------------------------------
[2026-05-10 22:44:18] PAYLOAD RECEIVED:
data_list=%5B%7B%22signalLevel%22%3A4%2C%22voltageLevel%22%3A-1%2C%22voltageValue%22%3A0.0%2C%22deviceImei%22%3A%22865478070011327%22%2C%22gateTime%22%3A%222026-05-10%2022%3A44%3A13%22%2C%22isExtPowerSupply%22%3A1%2C%22externalVoltage%22%3A12.52%7D%5D&token=a12341234123
------------------------------------------------------------
[2026-05-10 22:54:38] PAYLOAD RECEIVED:
data_list=%5B%7B%22signalLevel%22%3A4%2C%22voltageLevel%22%3A-1%2C%22voltageValue%22%3A0.0%2C%22deviceImei%22%3A%22865478070011327%22%2C%22gateTime%22%3A%222026-05-10%2022%3A54%3A35%22%2C%22isExtPowerSupply%22%3A1%2C%22externalVoltage%22%3A12.31%7D%5D&token=a12341234123
------------------------------------------------------------
